<?xml version="1.0" encoding="UTF-8"?>
<!-- Generated by org.testng.reporters.JUnitReportReporter -->
<testsuite hostname="jumpbox-win2016-113" failures="0" tests="1" name="runner.Runner" time="65.687" errors="0" timestamp="2021-11-22T23:14:01 CST" skipped="0">
  <testcase classname="runner.Runner" name="runScenario" time="65.687"/>
  <system-out/>
</testsuite> <!-- runner.Runner -->
