<?xml version="1.0" encoding="UTF-8"?>
<!-- Generated by org.testng.reporters.JUnitReportReporter -->
<testsuite hostname="admin-PC" failures="0" tests="6" name="runner.Runner" time="144.047" errors="0" timestamp="2021-09-25T08:26:24 IST" skipped="0">
  <testcase classname="runner.Runner" name="runScenario" time="14.994"/>
  <system-out/>
  <testcase classname="runner.Runner" name="runScenario" time="51.378"/>
  <system-out/>
  <testcase classname="runner.Runner" name="runScenario" time="19.675"/>
  <system-out/>
  <testcase classname="runner.Runner" name="runScenario" time="18.277"/>
  <system-out/>
  <testcase classname="runner.Runner" name="runScenario" time="18.387"/>
  <system-out/>
  <testcase classname="runner.Runner" name="runScenario" time="21.336"/>
  <system-out/>
</testsuite> <!-- runner.Runner -->
