<?xml version="1.0" encoding="UTF-8"?>
<!-- Generated by org.testng.reporters.JUnitReportReporter -->
<testsuite hostname="jumpbox-win2016-113" failures="2" tests="108" name="runner.Runner" time="2117.321" errors="10" timestamp="2021-10-15T05:27:42 CDT" skipped="0">
  <testcase classname="runner.Runner" name="runScenario" time="9.732"/>
  <system-out/>
  <testcase classname="runner.Runner" name="runScenario" time="10.518"/>
  <system-out/>
  <testcase classname="runner.Runner" name="runScenario" time="7.388"/>
  <system-out/>
  <testcase classname="runner.Runner" name="runScenario" time="9.195"/>
  <system-out/>
  <testcase classname="runner.Runner" name="runScenario" time="12.638"/>
  <system-out/>
  <testcase classname="runner.Runner" name="runScenario" time="9.061"/>
  <system-out/>
  <testcase classname="runner.Runner" name="runScenario" time="9.915"/>
  <system-out/>
  <testcase classname="runner.Runner" name="runScenario" time="35.651">
    <error message="no such element: Unable to locate element: {&quot;method&quot;:&quot;css selector&quot;,&quot;selector&quot;:&quot;input[value=Search]&quot;}
  (Session info: chrome=94.0.4606.81)
For documentation on this error, please visit: https://www.seleniumhq.org/exceptions/no_such_element.html
Build info: version: &#039;4.0.0-alpha-3&#039;, revision: &#039;8c567de6dc&#039;
System info: host: &#039;JUMPBOX-WIN2016&#039;, ip: &#039;10.228.0.127&#039;, os.name: &#039;Windows Server 2016&#039;, os.arch: &#039;amd64&#039;, os.version: &#039;10.0&#039;, java.version: &#039;16.0.2&#039;
Driver info: org.openqa.selenium.chrome.ChromeDriver
Capabilities {acceptInsecureCerts: false, browserName: chrome, browserVersion: 94.0.4606.81, chrome: {chromedriverVersion: 94.0.4606.61 (418b78f5838ed..., userDataDir: C:\Users\JUMPBO~1\AppData\L...}, goog:chromeOptions: {debuggerAddress: localhost:51086}, javascriptEnabled: true, networkConnectionEnabled: false, pageLoadStrategy: normal, platform: WINDOWS, platformName: WINDOWS, proxy: Proxy(), setWindowRect: true, strictFileInteractability: false, timeouts: {implicit: 0, pageLoad: 300000, script: 30000}, unhandledPromptBehavior: dismiss and notify, webauthn:extension:credBlob: true, webauthn:extension:largeBlob: true, webauthn:virtualAuthenticators: true}
Session ID: 63d1e80e8a3dfa35e31fbe04aa17ff5f
*** Element info: {Using=css selector, value=input[value=Search]}" type="org.openqa.selenium.NoSuchElementException">
      <![CDATA[org.openqa.selenium.NoSuchElementException: no such element: Unable to locate element: {"method":"css selector","selector":"input[value=Search]"}
  (Session info: chrome=94.0.4606.81)
For documentation on this error, please visit: https://www.seleniumhq.org/exceptions/no_such_element.html
Build info: version: '4.0.0-alpha-3', revision: '8c567de6dc'
System info: host: 'JUMPBOX-WIN2016', ip: '10.228.0.127', os.name: 'Windows Server 2016', os.arch: 'amd64', os.version: '10.0', java.version: '16.0.2'
Driver info: org.openqa.selenium.chrome.ChromeDriver
Capabilities {acceptInsecureCerts: false, browserName: chrome, browserVersion: 94.0.4606.81, chrome: {chromedriverVersion: 94.0.4606.61 (418b78f5838ed..., userDataDir: C:\Users\JUMPBO~1\AppData\L...}, goog:chromeOptions: {debuggerAddress: localhost:51086}, javascriptEnabled: true, networkConnectionEnabled: false, pageLoadStrategy: normal, platform: WINDOWS, platformName: WINDOWS, proxy: Proxy(), setWindowRect: true, strictFileInteractability: false, timeouts: {implicit: 0, pageLoad: 300000, script: 30000}, unhandledPromptBehavior: dismiss and notify, webauthn:extension:credBlob: true, webauthn:extension:largeBlob: true, webauthn:virtualAuthenticators: true}
Session ID: 63d1e80e8a3dfa35e31fbe04aa17ff5f
*** Element info: {Using=css selector, value=input[value=Search]}
at java.base/jdk.internal.reflect.NativeConstructorAccessorImpl.newInstance0(Native Method)
at java.base/jdk.internal.reflect.NativeConstructorAccessorImpl.newInstance(NativeConstructorAccessorImpl.java:78)
at java.base/jdk.internal.reflect.DelegatingConstructorAccessorImpl.newInstance(DelegatingConstructorAccessorImpl.java:45)
at java.base/java.lang.reflect.Constructor.newInstanceWithCaller(Constructor.java:499)
at java.base/java.lang.reflect.Constructor.newInstance(Constructor.java:480)
at org.openqa.selenium.remote.codec.w3c.W3CHttpResponseCodec.createException(W3CHttpResponseCodec.java:191)
at org.openqa.selenium.remote.codec.w3c.W3CHttpResponseCodec.decode(W3CHttpResponseCodec.java:125)
at org.openqa.selenium.remote.codec.w3c.W3CHttpResponseCodec.decode(W3CHttpResponseCodec.java:52)
at org.openqa.selenium.remote.HttpCommandExecutor.execute(HttpCommandExecutor.java:161)
at org.openqa.selenium.remote.service.DriverCommandExecutor.execute(DriverCommandExecutor.java:83)
at org.openqa.selenium.remote.RemoteWebDriver.execute(RemoteWebDriver.java:576)
at org.openqa.selenium.remote.RemoteWebDriver.findElement(RemoteWebDriver.java:327)
at org.openqa.selenium.remote.RemoteWebDriver.findElementByCssSelector(RemoteWebDriver.java:435)
at org.openqa.selenium.By$ByCssSelector.findElement(By.java:496)
at org.openqa.selenium.remote.RemoteWebDriver.findElement(RemoteWebDriver.java:319)
at org.openqa.selenium.support.pagefactory.DefaultElementLocator.findElement(DefaultElementLocator.java:70)
at org.openqa.selenium.support.pagefactory.internal.LocatingElementHandler.invoke(LocatingElementHandler.java:39)
at jdk.proxy2/jdk.proxy2.$Proxy28.click(Unknown Source)
at stepDefinitions.devices.ManagePrinters.userClicksOnSearchButtonToSearchPrinters(ManagePrinters.java:141)
at ✽.User clicks on Search button to search Printers(file:///C:/Users/jumpboxadmin/git/Connect-Automation/Connect_Automation/src/test/resources/features/devices/ManagePrinters.feature:58)
]]>
    </error>
  </testcase> <!-- runScenario -->
  <system-out/>
  <testcase classname="runner.Runner" name="runScenario" time="8.372"/>
  <system-out/>
  <testcase classname="runner.Runner" name="runScenario" time="6.897"/>
  <system-out/>
  <testcase classname="runner.Runner" name="runScenario" time="13.635"/>
  <system-out/>
  <testcase classname="runner.Runner" name="runScenario" time="8.298">
    <failure message="expected [AllVendors] but found [Automated_company2]" type="java.lang.AssertionError">
      <![CDATA[java.lang.AssertionError: expected [AllVendors] but found [Automated_company2]
at org.testng.Assert.fail(Assert.java:99)
at org.testng.Assert.failNotEquals(Assert.java:1037)
at org.testng.Assert.assertEqualsImpl(Assert.java:140)
at org.testng.Assert.assertEquals(Assert.java:122)
at org.testng.Assert.assertEquals(Assert.java:629)
at org.testng.Assert.assertEquals(Assert.java:639)
at stepDefinitions.ManageUsers.verifyUserDetailsUpdatedSuccessfully(ManageUsers.java:151)
at ✽.Verify user[1] details updated successfully(file:///C:/Users/jumpboxadmin/git/Connect-Automation/Connect_Automation/src/test/resources/features/ManageUsers.feature:58)
]]>
    </failure>
  </testcase> <!-- runScenario -->
  <system-out/>
  <testcase classname="runner.Runner" name="runScenario" time="10.385"/>
  <system-out/>
  <testcase classname="runner.Runner" name="runScenario" time="9.446"/>
  <system-out/>
  <testcase classname="runner.Runner" name="runScenario" time="8.656"/>
  <system-out/>
  <testcase classname="runner.Runner" name="runScenario" time="18.715"/>
  <system-out/>
  <testcase classname="runner.Runner" name="runScenario" time="34.433">
    <error message="no such element: Unable to locate element: {&quot;method&quot;:&quot;xpath&quot;,&quot;selector&quot;:&quot;//*[@id=&#039;unique_id&#039;]/tbody/tr[2]/td[3]&quot;}
  (Session info: chrome=94.0.4606.81)
For documentation on this error, please visit: https://www.seleniumhq.org/exceptions/no_such_element.html
Build info: version: &#039;4.0.0-alpha-3&#039;, revision: &#039;8c567de6dc&#039;
System info: host: &#039;JUMPBOX-WIN2016&#039;, ip: &#039;10.228.0.127&#039;, os.name: &#039;Windows Server 2016&#039;, os.arch: &#039;amd64&#039;, os.version: &#039;10.0&#039;, java.version: &#039;16.0.2&#039;
Driver info: org.openqa.selenium.chrome.ChromeDriver
Capabilities {acceptInsecureCerts: false, browserName: chrome, browserVersion: 94.0.4606.81, chrome: {chromedriverVersion: 94.0.4606.61 (418b78f5838ed..., userDataDir: C:\Users\JUMPBO~1\AppData\L...}, goog:chromeOptions: {debuggerAddress: localhost:63799}, javascriptEnabled: true, networkConnectionEnabled: false, pageLoadStrategy: normal, platform: WINDOWS, platformName: WINDOWS, proxy: Proxy(), setWindowRect: true, strictFileInteractability: false, timeouts: {implicit: 0, pageLoad: 300000, script: 30000}, unhandledPromptBehavior: dismiss and notify, webauthn:extension:credBlob: true, webauthn:extension:largeBlob: true, webauthn:virtualAuthenticators: true}
Session ID: 7ea640fbcc93419b518dbeae2d67470f
*** Element info: {Using=xpath, value=//*[@id=&#039;unique_id&#039;]/tbody/tr[2]/td[3]}" type="org.openqa.selenium.NoSuchElementException">
      <![CDATA[org.openqa.selenium.NoSuchElementException: no such element: Unable to locate element: {"method":"xpath","selector":"//*[@id='unique_id']/tbody/tr[2]/td[3]"}
  (Session info: chrome=94.0.4606.81)
For documentation on this error, please visit: https://www.seleniumhq.org/exceptions/no_such_element.html
Build info: version: '4.0.0-alpha-3', revision: '8c567de6dc'
System info: host: 'JUMPBOX-WIN2016', ip: '10.228.0.127', os.name: 'Windows Server 2016', os.arch: 'amd64', os.version: '10.0', java.version: '16.0.2'
Driver info: org.openqa.selenium.chrome.ChromeDriver
Capabilities {acceptInsecureCerts: false, browserName: chrome, browserVersion: 94.0.4606.81, chrome: {chromedriverVersion: 94.0.4606.61 (418b78f5838ed..., userDataDir: C:\Users\JUMPBO~1\AppData\L...}, goog:chromeOptions: {debuggerAddress: localhost:63799}, javascriptEnabled: true, networkConnectionEnabled: false, pageLoadStrategy: normal, platform: WINDOWS, platformName: WINDOWS, proxy: Proxy(), setWindowRect: true, strictFileInteractability: false, timeouts: {implicit: 0, pageLoad: 300000, script: 30000}, unhandledPromptBehavior: dismiss and notify, webauthn:extension:credBlob: true, webauthn:extension:largeBlob: true, webauthn:virtualAuthenticators: true}
Session ID: 7ea640fbcc93419b518dbeae2d67470f
*** Element info: {Using=xpath, value=//*[@id='unique_id']/tbody/tr[2]/td[3]}
at java.base/jdk.internal.reflect.NativeConstructorAccessorImpl.newInstance0(Native Method)
at java.base/jdk.internal.reflect.NativeConstructorAccessorImpl.newInstance(NativeConstructorAccessorImpl.java:78)
at java.base/jdk.internal.reflect.DelegatingConstructorAccessorImpl.newInstance(DelegatingConstructorAccessorImpl.java:45)
at java.base/java.lang.reflect.Constructor.newInstanceWithCaller(Constructor.java:499)
at java.base/java.lang.reflect.Constructor.newInstance(Constructor.java:480)
at org.openqa.selenium.remote.codec.w3c.W3CHttpResponseCodec.createException(W3CHttpResponseCodec.java:191)
at org.openqa.selenium.remote.codec.w3c.W3CHttpResponseCodec.decode(W3CHttpResponseCodec.java:125)
at org.openqa.selenium.remote.codec.w3c.W3CHttpResponseCodec.decode(W3CHttpResponseCodec.java:52)
at org.openqa.selenium.remote.HttpCommandExecutor.execute(HttpCommandExecutor.java:161)
at org.openqa.selenium.remote.service.DriverCommandExecutor.execute(DriverCommandExecutor.java:83)
at org.openqa.selenium.remote.RemoteWebDriver.execute(RemoteWebDriver.java:576)
at org.openqa.selenium.remote.RemoteWebDriver.findElement(RemoteWebDriver.java:327)
at org.openqa.selenium.remote.RemoteWebDriver.findElementByXPath(RemoteWebDriver.java:445)
at org.openqa.selenium.By$ByXPath.findElement(By.java:396)
at org.openqa.selenium.remote.RemoteWebDriver.findElement(RemoteWebDriver.java:319)
at org.openqa.selenium.support.pagefactory.DefaultElementLocator.findElement(DefaultElementLocator.java:70)
at org.openqa.selenium.support.pagefactory.internal.LocatingElementHandler.invoke(LocatingElementHandler.java:39)
at jdk.proxy2/jdk.proxy2.$Proxy28.getText(Unknown Source)
at stepDefinitions.setup.ManageNamespaces.namespaceWithNamespace_nameShouldBeDisplayedInSearchResults(ManageNamespaces.java:76)
at ✽.Namespace with Namespace_name[0] should be displayed in search results(file:///C:/Users/jumpboxadmin/git/Connect-Automation/Connect_Automation/src/test/resources/features/setup/ManageNamespaces.feature:35)
]]>
    </error>
  </testcase> <!-- runScenario -->
  <system-out/>
  <testcase classname="runner.Runner" name="runScenario" time="4.628">
    <error message="unexpected alert open: {Alert text : Message: A namespace with that name already exists
}
  (Session info: chrome=94.0.4606.81): Message: A namespace with that name already exists

Build info: version: &#039;4.0.0-alpha-3&#039;, revision: &#039;8c567de6dc&#039;
System info: host: &#039;JUMPBOX-WIN2016&#039;, ip: &#039;10.228.0.127&#039;, os.name: &#039;Windows Server 2016&#039;, os.arch: &#039;amd64&#039;, os.version: &#039;10.0&#039;, java.version: &#039;16.0.2&#039;
Driver info: org.openqa.selenium.chrome.ChromeDriver
Capabilities {acceptInsecureCerts: false, browserName: chrome, browserVersion: 94.0.4606.81, chrome: {chromedriverVersion: 94.0.4606.61 (418b78f5838ed..., userDataDir: C:\Users\JUMPBO~1\AppData\L...}, goog:chromeOptions: {debuggerAddress: localhost:49436}, javascriptEnabled: true, networkConnectionEnabled: false, pageLoadStrategy: normal, platform: WINDOWS, platformName: WINDOWS, proxy: Proxy(), setWindowRect: true, strictFileInteractability: false, timeouts: {implicit: 0, pageLoad: 300000, script: 30000}, unhandledPromptBehavior: dismiss and notify, webauthn:extension:credBlob: true, webauthn:extension:largeBlob: true, webauthn:virtualAuthenticators: true}
Session ID: 7ac3fbb3c29ccae66cbc1700e211bf0d" type="org.openqa.selenium.UnhandledAlertException">
      <![CDATA[org.openqa.selenium.UnhandledAlertException: unexpected alert open: {Alert text : Message: A namespace with that name already exists
}
  (Session info: chrome=94.0.4606.81): Message: A namespace with that name already exists

Build info: version: '4.0.0-alpha-3', revision: '8c567de6dc'
System info: host: 'JUMPBOX-WIN2016', ip: '10.228.0.127', os.name: 'Windows Server 2016', os.arch: 'amd64', os.version: '10.0', java.version: '16.0.2'
Driver info: org.openqa.selenium.chrome.ChromeDriver
Capabilities {acceptInsecureCerts: false, browserName: chrome, browserVersion: 94.0.4606.81, chrome: {chromedriverVersion: 94.0.4606.61 (418b78f5838ed..., userDataDir: C:\Users\JUMPBO~1\AppData\L...}, goog:chromeOptions: {debuggerAddress: localhost:49436}, javascriptEnabled: true, networkConnectionEnabled: false, pageLoadStrategy: normal, platform: WINDOWS, platformName: WINDOWS, proxy: Proxy(), setWindowRect: true, strictFileInteractability: false, timeouts: {implicit: 0, pageLoad: 300000, script: 30000}, unhandledPromptBehavior: dismiss and notify, webauthn:extension:credBlob: true, webauthn:extension:largeBlob: true, webauthn:virtualAuthenticators: true}
Session ID: 7ac3fbb3c29ccae66cbc1700e211bf0d
at org.openqa.selenium.remote.codec.w3c.W3CHttpResponseCodec.decode(W3CHttpResponseCodec.java:123)
at org.openqa.selenium.remote.codec.w3c.W3CHttpResponseCodec.decode(W3CHttpResponseCodec.java:52)
at org.openqa.selenium.remote.HttpCommandExecutor.execute(HttpCommandExecutor.java:161)
at org.openqa.selenium.remote.service.DriverCommandExecutor.execute(DriverCommandExecutor.java:83)
at org.openqa.selenium.remote.RemoteWebDriver.execute(RemoteWebDriver.java:576)
at org.openqa.selenium.remote.RemoteWebDriver$RemoteTargetLocator.defaultContent(RemoteWebDriver.java:993)
at stepDefinitions.setup.ManageNamespaces.userEntersNamespace_nameToSearchANamespace(ManageNamespaces.java:63)
at ✽.User enters Namespace_name[0] to search a Namespace(file:///C:/Users/jumpboxadmin/git/Connect-Automation/Connect_Automation/src/test/resources/features/setup/ManageNamespaces.feature:21)
]]>
    </error>
  </testcase> <!-- runScenario -->
  <system-out/>
  <testcase classname="runner.Runner" name="runScenario" time="15.262"/>
  <system-out/>
  <testcase classname="runner.Runner" name="runScenario" time="11.043"/>
  <system-out/>
  <testcase classname="runner.Runner" name="runScenario" time="9.864"/>
  <system-out/>
  <testcase classname="runner.Runner" name="runScenario" time="78.004"/>
  <system-out/>
  <testcase classname="runner.Runner" name="runScenario" time="36.094">
    <error message="no such element: Unable to locate element: {&quot;method&quot;:&quot;css selector&quot;,&quot;selector&quot;:&quot;*[name=&#039;search_name&#039;]&quot;}
  (Session info: chrome=94.0.4606.81)
For documentation on this error, please visit: https://www.seleniumhq.org/exceptions/no_such_element.html
Build info: version: &#039;4.0.0-alpha-3&#039;, revision: &#039;8c567de6dc&#039;
System info: host: &#039;JUMPBOX-WIN2016&#039;, ip: &#039;10.228.0.127&#039;, os.name: &#039;Windows Server 2016&#039;, os.arch: &#039;amd64&#039;, os.version: &#039;10.0&#039;, java.version: &#039;16.0.2&#039;
Driver info: org.openqa.selenium.chrome.ChromeDriver
Capabilities {acceptInsecureCerts: false, browserName: chrome, browserVersion: 94.0.4606.81, chrome: {chromedriverVersion: 94.0.4606.61 (418b78f5838ed..., userDataDir: C:\Users\JUMPBO~1\AppData\L...}, goog:chromeOptions: {debuggerAddress: localhost:62327}, javascriptEnabled: true, networkConnectionEnabled: false, pageLoadStrategy: normal, platform: WINDOWS, platformName: WINDOWS, proxy: Proxy(), setWindowRect: true, strictFileInteractability: false, timeouts: {implicit: 0, pageLoad: 300000, script: 30000}, unhandledPromptBehavior: dismiss and notify, webauthn:extension:credBlob: true, webauthn:extension:largeBlob: true, webauthn:virtualAuthenticators: true}
Session ID: 3aa375bb8861da2b0fbce7441141b0a0
*** Element info: {Using=name, value=search_name}" type="org.openqa.selenium.NoSuchElementException">
      <![CDATA[org.openqa.selenium.NoSuchElementException: no such element: Unable to locate element: {"method":"css selector","selector":"*[name='search_name']"}
  (Session info: chrome=94.0.4606.81)
For documentation on this error, please visit: https://www.seleniumhq.org/exceptions/no_such_element.html
Build info: version: '4.0.0-alpha-3', revision: '8c567de6dc'
System info: host: 'JUMPBOX-WIN2016', ip: '10.228.0.127', os.name: 'Windows Server 2016', os.arch: 'amd64', os.version: '10.0', java.version: '16.0.2'
Driver info: org.openqa.selenium.chrome.ChromeDriver
Capabilities {acceptInsecureCerts: false, browserName: chrome, browserVersion: 94.0.4606.81, chrome: {chromedriverVersion: 94.0.4606.61 (418b78f5838ed..., userDataDir: C:\Users\JUMPBO~1\AppData\L...}, goog:chromeOptions: {debuggerAddress: localhost:62327}, javascriptEnabled: true, networkConnectionEnabled: false, pageLoadStrategy: normal, platform: WINDOWS, platformName: WINDOWS, proxy: Proxy(), setWindowRect: true, strictFileInteractability: false, timeouts: {implicit: 0, pageLoad: 300000, script: 30000}, unhandledPromptBehavior: dismiss and notify, webauthn:extension:credBlob: true, webauthn:extension:largeBlob: true, webauthn:virtualAuthenticators: true}
Session ID: 3aa375bb8861da2b0fbce7441141b0a0
*** Element info: {Using=name, value=search_name}
at java.base/jdk.internal.reflect.NativeConstructorAccessorImpl.newInstance0(Native Method)
at java.base/jdk.internal.reflect.NativeConstructorAccessorImpl.newInstance(NativeConstructorAccessorImpl.java:78)
at java.base/jdk.internal.reflect.DelegatingConstructorAccessorImpl.newInstance(DelegatingConstructorAccessorImpl.java:45)
at java.base/java.lang.reflect.Constructor.newInstanceWithCaller(Constructor.java:499)
at java.base/java.lang.reflect.Constructor.newInstance(Constructor.java:480)
at org.openqa.selenium.remote.codec.w3c.W3CHttpResponseCodec.createException(W3CHttpResponseCodec.java:191)
at org.openqa.selenium.remote.codec.w3c.W3CHttpResponseCodec.decode(W3CHttpResponseCodec.java:125)
at org.openqa.selenium.remote.codec.w3c.W3CHttpResponseCodec.decode(W3CHttpResponseCodec.java:52)
at org.openqa.selenium.remote.HttpCommandExecutor.execute(HttpCommandExecutor.java:161)
at org.openqa.selenium.remote.service.DriverCommandExecutor.execute(DriverCommandExecutor.java:83)
at org.openqa.selenium.remote.RemoteWebDriver.execute(RemoteWebDriver.java:576)
at org.openqa.selenium.remote.RemoteWebDriver.findElement(RemoteWebDriver.java:327)
at org.openqa.selenium.remote.RemoteWebDriver.findElementByName(RemoteWebDriver.java:415)
at org.openqa.selenium.By$ByName.findElement(By.java:313)
at org.openqa.selenium.remote.RemoteWebDriver.findElement(RemoteWebDriver.java:319)
at org.openqa.selenium.support.pagefactory.DefaultElementLocator.findElement(DefaultElementLocator.java:70)
at org.openqa.selenium.support.pagefactory.internal.LocatingElementHandler.invoke(LocatingElementHandler.java:39)
at jdk.proxy2/jdk.proxy2.$Proxy28.clear(Unknown Source)
at stepDefinitions.devices.ManagePrinters.userEntersPrinter_nameToSearchAPrinter(ManagePrinters.java:101)
at ✽.User enters Printer_name[1] to search a Printer(file:///C:/Users/jumpboxadmin/git/Connect-Automation/Connect_Automation/src/test/resources/features/devices/ManagePrinters.feature:71)
]]>
    </error>
  </testcase> <!-- runScenario -->
  <system-out/>
  <testcase classname="runner.Runner" name="runScenario" time="6.384"/>
  <system-out/>
  <testcase classname="runner.Runner" name="runScenario" time="10.791"/>
  <system-out/>
  <testcase classname="runner.Runner" name="runScenario" time="9.823"/>
  <system-out/>
  <testcase classname="runner.Runner" name="runScenario" time="8.645"/>
  <system-out/>
  <testcase classname="runner.Runner" name="runScenario" time="12.081"/>
  <system-out/>
  <testcase classname="runner.Runner" name="runScenario" time="8.688"/>
  <system-out/>
  <testcase classname="runner.Runner" name="runScenario" time="6.474"/>
  <system-out/>
  <testcase classname="runner.Runner" name="runScenario" time="9.487"/>
  <system-out/>
  <testcase classname="runner.Runner" name="runScenario" time="8.546"/>
  <system-out/>
  <testcase classname="runner.Runner" name="runScenario" time="10.181"/>
  <system-out/>
  <testcase classname="runner.Runner" name="runScenario" time="7.666"/>
  <system-out/>
  <testcase classname="runner.Runner" name="runScenario" time="8.057"/>
  <system-out/>
  <testcase classname="runner.Runner" name="runScenario" time="9.969"/>
  <system-out/>
  <testcase classname="runner.Runner" name="runScenario" time="13.642"/>
  <system-out/>
  <testcase classname="runner.Runner" name="runScenario" time="9.562"/>
  <system-out/>
  <testcase classname="runner.Runner" name="runScenario" time="12.124"/>
  <system-out/>
  <testcase classname="runner.Runner" name="runScenario" time="9.724"/>
  <system-out/>
  <testcase classname="runner.Runner" name="runScenario" time="9.043"/>
  <system-out/>
  <testcase classname="runner.Runner" name="runScenario" time="20.812"/>
  <system-out/>
  <testcase classname="runner.Runner" name="runScenario" time="8.190"/>
  <system-out/>
  <testcase classname="runner.Runner" name="runScenario" time="8.973"/>
  <system-out/>
  <testcase classname="runner.Runner" name="runScenario" time="7.229"/>
  <system-out/>
  <testcase classname="runner.Runner" name="runScenario" time="6.735"/>
  <system-out/>
  <testcase classname="runner.Runner" name="runScenario" time="6.623"/>
  <system-out/>
  <testcase classname="runner.Runner" name="runScenario" time="8.846"/>
  <system-out/>
  <testcase classname="runner.Runner" name="runScenario" time="7.796"/>
  <system-out/>
  <testcase classname="runner.Runner" name="runScenario" time="8.567"/>
  <system-out/>
  <testcase classname="runner.Runner" name="runScenario" time="16.526"/>
  <system-out/>
  <testcase classname="runner.Runner" name="runScenario" time="8.554"/>
  <system-out/>
  <testcase classname="runner.Runner" name="runScenario" time="7.419"/>
  <system-out/>
  <testcase classname="runner.Runner" name="runScenario" time="7.438"/>
  <system-out/>
  <testcase classname="runner.Runner" name="runScenario" time="44.117"/>
  <system-out/>
  <testcase classname="runner.Runner" name="runScenario" time="11.892"/>
  <system-out/>
  <testcase classname="runner.Runner" name="runScenario" time="8.143"/>
  <system-out/>
  <testcase classname="runner.Runner" name="runScenario" time="8.936"/>
  <system-out/>
  <testcase classname="runner.Runner" name="runScenario" time="8.362"/>
  <system-out/>
  <testcase classname="runner.Runner" name="runScenario" time="18.768"/>
  <system-out/>
  <testcase classname="runner.Runner" name="runScenario" time="7.781"/>
  <system-out/>
  <testcase classname="runner.Runner" name="runScenario" time="12.052"/>
  <system-out/>
  <testcase classname="runner.Runner" name="runScenario" time="6.641"/>
  <system-out/>
  <testcase classname="runner.Runner" name="runScenario" time="9.914"/>
  <system-out/>
  <testcase classname="runner.Runner" name="runScenario" time="12.425"/>
  <system-out/>
  <testcase classname="runner.Runner" name="runScenario" time="7.572"/>
  <system-out/>
  <testcase classname="runner.Runner" name="runScenario" time="673.689">
    <failure message="expected [false] but found [true]" type="java.lang.AssertionError">
      <![CDATA[java.lang.AssertionError: expected [false] but found [true]
at org.testng.Assert.fail(Assert.java:99)
at org.testng.Assert.failNotEquals(Assert.java:1037)
at org.testng.Assert.assertEqualsImpl(Assert.java:140)
at org.testng.Assert.assertEquals(Assert.java:122)
at org.testng.Assert.assertEquals(Assert.java:819)
at org.testng.Assert.assertEquals(Assert.java:829)
at stepDefinitions.setup.ManageFields.verifyThatTheFieldRecordsXmlFileWasSuccessfullyDownloaded(ManageFields.java:235)
at ✽.Verify that the Field records xml file was successfully downloaded(file:///C:/Users/jumpboxadmin/git/Connect-Automation/Connect_Automation/src/test/resources/features/setup/ManageFields.feature:79)
]]>
    </failure>
  </testcase> <!-- runScenario -->
  <system-out/>
  <testcase classname="runner.Runner" name="runScenario" time="13.401"/>
  <system-out/>
  <testcase classname="runner.Runner" name="runScenario" time="6.882"/>
  <system-out/>
  <testcase classname="runner.Runner" name="runScenario" time="9.089"/>
  <system-out/>
  <testcase classname="runner.Runner" name="runScenario" time="8.423"/>
  <system-out/>
  <testcase classname="runner.Runner" name="runScenario" time="6.307"/>
  <system-out/>
  <testcase classname="runner.Runner" name="runScenario" time="11.611"/>
  <system-out/>
  <testcase classname="runner.Runner" name="runScenario" time="67.869"/>
  <system-out/>
  <testcase classname="runner.Runner" name="runScenario" time="8.110"/>
  <system-out/>
  <testcase classname="runner.Runner" name="runScenario" time="35.449">
    <error message="no such element: Unable to locate element: {&quot;method&quot;:&quot;css selector&quot;,&quot;selector&quot;:&quot;*[name=&#039;search_name&#039;]&quot;}
  (Session info: chrome=94.0.4606.81)
For documentation on this error, please visit: https://www.seleniumhq.org/exceptions/no_such_element.html
Build info: version: &#039;4.0.0-alpha-3&#039;, revision: &#039;8c567de6dc&#039;
System info: host: &#039;JUMPBOX-WIN2016&#039;, ip: &#039;10.228.0.127&#039;, os.name: &#039;Windows Server 2016&#039;, os.arch: &#039;amd64&#039;, os.version: &#039;10.0&#039;, java.version: &#039;16.0.2&#039;
Driver info: org.openqa.selenium.chrome.ChromeDriver
Capabilities {acceptInsecureCerts: false, browserName: chrome, browserVersion: 94.0.4606.81, chrome: {chromedriverVersion: 94.0.4606.61 (418b78f5838ed..., userDataDir: C:\Users\JUMPBO~1\AppData\L...}, goog:chromeOptions: {debuggerAddress: localhost:60546}, javascriptEnabled: true, networkConnectionEnabled: false, pageLoadStrategy: normal, platform: WINDOWS, platformName: WINDOWS, proxy: Proxy(), setWindowRect: true, strictFileInteractability: false, timeouts: {implicit: 0, pageLoad: 300000, script: 30000}, unhandledPromptBehavior: dismiss and notify, webauthn:extension:credBlob: true, webauthn:extension:largeBlob: true, webauthn:virtualAuthenticators: true}
Session ID: 023a33729b13a02ac8a4c6c71408171c
*** Element info: {Using=name, value=search_name}" type="org.openqa.selenium.NoSuchElementException">
      <![CDATA[org.openqa.selenium.NoSuchElementException: no such element: Unable to locate element: {"method":"css selector","selector":"*[name='search_name']"}
  (Session info: chrome=94.0.4606.81)
For documentation on this error, please visit: https://www.seleniumhq.org/exceptions/no_such_element.html
Build info: version: '4.0.0-alpha-3', revision: '8c567de6dc'
System info: host: 'JUMPBOX-WIN2016', ip: '10.228.0.127', os.name: 'Windows Server 2016', os.arch: 'amd64', os.version: '10.0', java.version: '16.0.2'
Driver info: org.openqa.selenium.chrome.ChromeDriver
Capabilities {acceptInsecureCerts: false, browserName: chrome, browserVersion: 94.0.4606.81, chrome: {chromedriverVersion: 94.0.4606.61 (418b78f5838ed..., userDataDir: C:\Users\JUMPBO~1\AppData\L...}, goog:chromeOptions: {debuggerAddress: localhost:60546}, javascriptEnabled: true, networkConnectionEnabled: false, pageLoadStrategy: normal, platform: WINDOWS, platformName: WINDOWS, proxy: Proxy(), setWindowRect: true, strictFileInteractability: false, timeouts: {implicit: 0, pageLoad: 300000, script: 30000}, unhandledPromptBehavior: dismiss and notify, webauthn:extension:credBlob: true, webauthn:extension:largeBlob: true, webauthn:virtualAuthenticators: true}
Session ID: 023a33729b13a02ac8a4c6c71408171c
*** Element info: {Using=name, value=search_name}
at java.base/jdk.internal.reflect.NativeConstructorAccessorImpl.newInstance0(Native Method)
at java.base/jdk.internal.reflect.NativeConstructorAccessorImpl.newInstance(NativeConstructorAccessorImpl.java:78)
at java.base/jdk.internal.reflect.DelegatingConstructorAccessorImpl.newInstance(DelegatingConstructorAccessorImpl.java:45)
at java.base/java.lang.reflect.Constructor.newInstanceWithCaller(Constructor.java:499)
at java.base/java.lang.reflect.Constructor.newInstance(Constructor.java:480)
at org.openqa.selenium.remote.codec.w3c.W3CHttpResponseCodec.createException(W3CHttpResponseCodec.java:191)
at org.openqa.selenium.remote.codec.w3c.W3CHttpResponseCodec.decode(W3CHttpResponseCodec.java:125)
at org.openqa.selenium.remote.codec.w3c.W3CHttpResponseCodec.decode(W3CHttpResponseCodec.java:52)
at org.openqa.selenium.remote.HttpCommandExecutor.execute(HttpCommandExecutor.java:161)
at org.openqa.selenium.remote.service.DriverCommandExecutor.execute(DriverCommandExecutor.java:83)
at org.openqa.selenium.remote.RemoteWebDriver.execute(RemoteWebDriver.java:576)
at org.openqa.selenium.remote.RemoteWebDriver.findElement(RemoteWebDriver.java:327)
at org.openqa.selenium.remote.RemoteWebDriver.findElementByName(RemoteWebDriver.java:415)
at org.openqa.selenium.By$ByName.findElement(By.java:313)
at org.openqa.selenium.remote.RemoteWebDriver.findElement(RemoteWebDriver.java:319)
at org.openqa.selenium.support.pagefactory.DefaultElementLocator.findElement(DefaultElementLocator.java:70)
at org.openqa.selenium.support.pagefactory.internal.LocatingElementHandler.invoke(LocatingElementHandler.java:39)
at jdk.proxy2/jdk.proxy2.$Proxy28.clear(Unknown Source)
at stepDefinitions.devices.ManagePrinters.userEntersPrinter_nameToSearchAPrinter(ManagePrinters.java:101)
at ✽.User enters Printer_name[0] to search a Printer(file:///C:/Users/jumpboxadmin/git/Connect-Automation/Connect_Automation/src/test/resources/features/devices/ManagePrinters.feature:32)
]]>
    </error>
  </testcase> <!-- runScenario -->
  <system-out/>
  <testcase classname="runner.Runner" name="runScenario" time="7.712"/>
  <system-out/>
  <testcase classname="runner.Runner" name="runScenario" time="26.749"/>
  <system-out/>
  <testcase classname="runner.Runner" name="runScenario" time="8.131"/>
  <system-out/>
  <testcase classname="runner.Runner" name="runScenario" time="25.074"/>
  <system-out/>
  <testcase classname="runner.Runner" name="runScenario" time="9.984"/>
  <system-out/>
  <testcase classname="runner.Runner" name="runScenario" time="8.151"/>
  <system-out/>
  <testcase classname="runner.Runner" name="runScenario" time="16.811"/>
  <system-out/>
  <testcase classname="runner.Runner" name="runScenario" time="34.314">
    <error message="no such element: Unable to locate element: {&quot;method&quot;:&quot;xpath&quot;,&quot;selector&quot;:&quot;//*[@id=&#039;unique_id&#039;]/tbody/tr[2]/td[3]&quot;}
  (Session info: chrome=94.0.4606.81)
For documentation on this error, please visit: https://www.seleniumhq.org/exceptions/no_such_element.html
Build info: version: &#039;4.0.0-alpha-3&#039;, revision: &#039;8c567de6dc&#039;
System info: host: &#039;JUMPBOX-WIN2016&#039;, ip: &#039;10.228.0.127&#039;, os.name: &#039;Windows Server 2016&#039;, os.arch: &#039;amd64&#039;, os.version: &#039;10.0&#039;, java.version: &#039;16.0.2&#039;
Driver info: org.openqa.selenium.chrome.ChromeDriver
Capabilities {acceptInsecureCerts: false, browserName: chrome, browserVersion: 94.0.4606.81, chrome: {chromedriverVersion: 94.0.4606.61 (418b78f5838ed..., userDataDir: C:\Users\JUMPBO~1\AppData\L...}, goog:chromeOptions: {debuggerAddress: localhost:64984}, javascriptEnabled: true, networkConnectionEnabled: false, pageLoadStrategy: normal, platform: WINDOWS, platformName: WINDOWS, proxy: Proxy(), setWindowRect: true, strictFileInteractability: false, timeouts: {implicit: 0, pageLoad: 300000, script: 30000}, unhandledPromptBehavior: dismiss and notify, webauthn:extension:credBlob: true, webauthn:extension:largeBlob: true, webauthn:virtualAuthenticators: true}
Session ID: 276cfb73efcff6a63653ec485a0239b3
*** Element info: {Using=xpath, value=//*[@id=&#039;unique_id&#039;]/tbody/tr[2]/td[3]}" type="org.openqa.selenium.NoSuchElementException">
      <![CDATA[org.openqa.selenium.NoSuchElementException: no such element: Unable to locate element: {"method":"xpath","selector":"//*[@id='unique_id']/tbody/tr[2]/td[3]"}
  (Session info: chrome=94.0.4606.81)
For documentation on this error, please visit: https://www.seleniumhq.org/exceptions/no_such_element.html
Build info: version: '4.0.0-alpha-3', revision: '8c567de6dc'
System info: host: 'JUMPBOX-WIN2016', ip: '10.228.0.127', os.name: 'Windows Server 2016', os.arch: 'amd64', os.version: '10.0', java.version: '16.0.2'
Driver info: org.openqa.selenium.chrome.ChromeDriver
Capabilities {acceptInsecureCerts: false, browserName: chrome, browserVersion: 94.0.4606.81, chrome: {chromedriverVersion: 94.0.4606.61 (418b78f5838ed..., userDataDir: C:\Users\JUMPBO~1\AppData\L...}, goog:chromeOptions: {debuggerAddress: localhost:64984}, javascriptEnabled: true, networkConnectionEnabled: false, pageLoadStrategy: normal, platform: WINDOWS, platformName: WINDOWS, proxy: Proxy(), setWindowRect: true, strictFileInteractability: false, timeouts: {implicit: 0, pageLoad: 300000, script: 30000}, unhandledPromptBehavior: dismiss and notify, webauthn:extension:credBlob: true, webauthn:extension:largeBlob: true, webauthn:virtualAuthenticators: true}
Session ID: 276cfb73efcff6a63653ec485a0239b3
*** Element info: {Using=xpath, value=//*[@id='unique_id']/tbody/tr[2]/td[3]}
at java.base/jdk.internal.reflect.NativeConstructorAccessorImpl.newInstance0(Native Method)
at java.base/jdk.internal.reflect.NativeConstructorAccessorImpl.newInstance(NativeConstructorAccessorImpl.java:78)
at java.base/jdk.internal.reflect.DelegatingConstructorAccessorImpl.newInstance(DelegatingConstructorAccessorImpl.java:45)
at java.base/java.lang.reflect.Constructor.newInstanceWithCaller(Constructor.java:499)
at java.base/java.lang.reflect.Constructor.newInstance(Constructor.java:480)
at org.openqa.selenium.remote.codec.w3c.W3CHttpResponseCodec.createException(W3CHttpResponseCodec.java:191)
at org.openqa.selenium.remote.codec.w3c.W3CHttpResponseCodec.decode(W3CHttpResponseCodec.java:125)
at org.openqa.selenium.remote.codec.w3c.W3CHttpResponseCodec.decode(W3CHttpResponseCodec.java:52)
at org.openqa.selenium.remote.HttpCommandExecutor.execute(HttpCommandExecutor.java:161)
at org.openqa.selenium.remote.service.DriverCommandExecutor.execute(DriverCommandExecutor.java:83)
at org.openqa.selenium.remote.RemoteWebDriver.execute(RemoteWebDriver.java:576)
at org.openqa.selenium.remote.RemoteWebDriver.findElement(RemoteWebDriver.java:327)
at org.openqa.selenium.remote.RemoteWebDriver.findElementByXPath(RemoteWebDriver.java:445)
at org.openqa.selenium.By$ByXPath.findElement(By.java:396)
at org.openqa.selenium.remote.RemoteWebDriver.findElement(RemoteWebDriver.java:319)
at org.openqa.selenium.support.pagefactory.DefaultElementLocator.findElement(DefaultElementLocator.java:70)
at org.openqa.selenium.support.pagefactory.internal.LocatingElementHandler.invoke(LocatingElementHandler.java:39)
at jdk.proxy2/jdk.proxy2.$Proxy28.getText(Unknown Source)
at stepDefinitions.setup.ManageNamespaces.namespaceWithNamespace_nameShouldBeDisplayedInSearchResults(ManageNamespaces.java:76)
at ✽.Namespace with Namespace_name[1] should be displayed in search results(file:///C:/Users/jumpboxadmin/git/Connect-Automation/Connect_Automation/src/test/resources/features/setup/ManageNamespaces.feature:47)
]]>
    </error>
  </testcase> <!-- runScenario -->
  <system-out/>
  <testcase classname="runner.Runner" name="runScenario" time="10.476"/>
  <system-out/>
  <testcase classname="runner.Runner" name="runScenario" time="35.744">
    <error message="no such element: Unable to locate element: {&quot;method&quot;:&quot;css selector&quot;,&quot;selector&quot;:&quot;*[name=&#039;search_name&#039;]&quot;}
  (Session info: chrome=94.0.4606.81)
For documentation on this error, please visit: https://www.seleniumhq.org/exceptions/no_such_element.html
Build info: version: &#039;4.0.0-alpha-3&#039;, revision: &#039;8c567de6dc&#039;
System info: host: &#039;JUMPBOX-WIN2016&#039;, ip: &#039;10.228.0.127&#039;, os.name: &#039;Windows Server 2016&#039;, os.arch: &#039;amd64&#039;, os.version: &#039;10.0&#039;, java.version: &#039;16.0.2&#039;
Driver info: org.openqa.selenium.chrome.ChromeDriver
Capabilities {acceptInsecureCerts: false, browserName: chrome, browserVersion: 94.0.4606.81, chrome: {chromedriverVersion: 94.0.4606.61 (418b78f5838ed..., userDataDir: C:\Users\JUMPBO~1\AppData\L...}, goog:chromeOptions: {debuggerAddress: localhost:50279}, javascriptEnabled: true, networkConnectionEnabled: false, pageLoadStrategy: normal, platform: WINDOWS, platformName: WINDOWS, proxy: Proxy(), setWindowRect: true, strictFileInteractability: false, timeouts: {implicit: 0, pageLoad: 300000, script: 30000}, unhandledPromptBehavior: dismiss and notify, webauthn:extension:credBlob: true, webauthn:extension:largeBlob: true, webauthn:virtualAuthenticators: true}
Session ID: 033397a31aa5429e7d238eb924560cbe
*** Element info: {Using=name, value=search_name}" type="org.openqa.selenium.NoSuchElementException">
      <![CDATA[org.openqa.selenium.NoSuchElementException: no such element: Unable to locate element: {"method":"css selector","selector":"*[name='search_name']"}
  (Session info: chrome=94.0.4606.81)
For documentation on this error, please visit: https://www.seleniumhq.org/exceptions/no_such_element.html
Build info: version: '4.0.0-alpha-3', revision: '8c567de6dc'
System info: host: 'JUMPBOX-WIN2016', ip: '10.228.0.127', os.name: 'Windows Server 2016', os.arch: 'amd64', os.version: '10.0', java.version: '16.0.2'
Driver info: org.openqa.selenium.chrome.ChromeDriver
Capabilities {acceptInsecureCerts: false, browserName: chrome, browserVersion: 94.0.4606.81, chrome: {chromedriverVersion: 94.0.4606.61 (418b78f5838ed..., userDataDir: C:\Users\JUMPBO~1\AppData\L...}, goog:chromeOptions: {debuggerAddress: localhost:50279}, javascriptEnabled: true, networkConnectionEnabled: false, pageLoadStrategy: normal, platform: WINDOWS, platformName: WINDOWS, proxy: Proxy(), setWindowRect: true, strictFileInteractability: false, timeouts: {implicit: 0, pageLoad: 300000, script: 30000}, unhandledPromptBehavior: dismiss and notify, webauthn:extension:credBlob: true, webauthn:extension:largeBlob: true, webauthn:virtualAuthenticators: true}
Session ID: 033397a31aa5429e7d238eb924560cbe
*** Element info: {Using=name, value=search_name}
at java.base/jdk.internal.reflect.NativeConstructorAccessorImpl.newInstance0(Native Method)
at java.base/jdk.internal.reflect.NativeConstructorAccessorImpl.newInstance(NativeConstructorAccessorImpl.java:78)
at java.base/jdk.internal.reflect.DelegatingConstructorAccessorImpl.newInstance(DelegatingConstructorAccessorImpl.java:45)
at java.base/java.lang.reflect.Constructor.newInstanceWithCaller(Constructor.java:499)
at java.base/java.lang.reflect.Constructor.newInstance(Constructor.java:480)
at org.openqa.selenium.remote.codec.w3c.W3CHttpResponseCodec.createException(W3CHttpResponseCodec.java:191)
at org.openqa.selenium.remote.codec.w3c.W3CHttpResponseCodec.decode(W3CHttpResponseCodec.java:125)
at org.openqa.selenium.remote.codec.w3c.W3CHttpResponseCodec.decode(W3CHttpResponseCodec.java:52)
at org.openqa.selenium.remote.HttpCommandExecutor.execute(HttpCommandExecutor.java:161)
at org.openqa.selenium.remote.service.DriverCommandExecutor.execute(DriverCommandExecutor.java:83)
at org.openqa.selenium.remote.RemoteWebDriver.execute(RemoteWebDriver.java:576)
at org.openqa.selenium.remote.RemoteWebDriver.findElement(RemoteWebDriver.java:327)
at org.openqa.selenium.remote.RemoteWebDriver.findElementByName(RemoteWebDriver.java:415)
at org.openqa.selenium.By$ByName.findElement(By.java:313)
at org.openqa.selenium.remote.RemoteWebDriver.findElement(RemoteWebDriver.java:319)
at org.openqa.selenium.support.pagefactory.DefaultElementLocator.findElement(DefaultElementLocator.java:70)
at org.openqa.selenium.support.pagefactory.internal.LocatingElementHandler.invoke(LocatingElementHandler.java:39)
at jdk.proxy2/jdk.proxy2.$Proxy28.clear(Unknown Source)
at stepDefinitions.devices.ManagePrinters.userEntersPrinter_nameToSearchAPrinter(ManagePrinters.java:101)
at ✽.User enters Printer_name[0] to search a Printer(file:///C:/Users/jumpboxadmin/git/Connect-Automation/Connect_Automation/src/test/resources/features/devices/ManagePrinters.feature:40)
]]>
    </error>
  </testcase> <!-- runScenario -->
  <system-out/>
  <testcase classname="runner.Runner" name="runScenario" time="7.826"/>
  <system-out/>
  <testcase classname="runner.Runner" name="runScenario" time="7.490"/>
  <system-out/>
  <testcase classname="runner.Runner" name="runScenario" time="7.651"/>
  <system-out/>
  <testcase classname="runner.Runner" name="runScenario" time="18.763"/>
  <system-out/>
  <testcase classname="runner.Runner" name="runScenario" time="10.227"/>
  <system-out/>
  <testcase classname="runner.Runner" name="runScenario" time="7.716"/>
  <system-out/>
  <testcase classname="runner.Runner" name="runScenario" time="7.010"/>
  <system-out/>
  <testcase classname="runner.Runner" name="runScenario" time="9.143"/>
  <system-out/>
  <testcase classname="runner.Runner" name="runScenario" time="8.223"/>
  <system-out/>
  <testcase classname="runner.Runner" name="runScenario" time="6.304"/>
  <system-out/>
  <testcase classname="runner.Runner" name="runScenario" time="36.107">
    <error message="no such element: Unable to locate element: {&quot;method&quot;:&quot;css selector&quot;,&quot;selector&quot;:&quot;input[value=Add]&quot;}
  (Session info: chrome=94.0.4606.81)
For documentation on this error, please visit: https://www.seleniumhq.org/exceptions/no_such_element.html
Build info: version: &#039;4.0.0-alpha-3&#039;, revision: &#039;8c567de6dc&#039;
System info: host: &#039;JUMPBOX-WIN2016&#039;, ip: &#039;10.228.0.127&#039;, os.name: &#039;Windows Server 2016&#039;, os.arch: &#039;amd64&#039;, os.version: &#039;10.0&#039;, java.version: &#039;16.0.2&#039;
Driver info: org.openqa.selenium.chrome.ChromeDriver
Capabilities {acceptInsecureCerts: false, browserName: chrome, browserVersion: 94.0.4606.81, chrome: {chromedriverVersion: 94.0.4606.61 (418b78f5838ed..., userDataDir: C:\Users\JUMPBO~1\AppData\L...}, goog:chromeOptions: {debuggerAddress: localhost:50354}, javascriptEnabled: true, networkConnectionEnabled: false, pageLoadStrategy: normal, platform: WINDOWS, platformName: WINDOWS, proxy: Proxy(), setWindowRect: true, strictFileInteractability: false, timeouts: {implicit: 0, pageLoad: 300000, script: 30000}, unhandledPromptBehavior: dismiss and notify, webauthn:extension:credBlob: true, webauthn:extension:largeBlob: true, webauthn:virtualAuthenticators: true}
Session ID: 34be8e03a768439f7901cc05196bcc39
*** Element info: {Using=css selector, value=input[value=Add]}" type="org.openqa.selenium.NoSuchElementException">
      <![CDATA[org.openqa.selenium.NoSuchElementException: no such element: Unable to locate element: {"method":"css selector","selector":"input[value=Add]"}
  (Session info: chrome=94.0.4606.81)
For documentation on this error, please visit: https://www.seleniumhq.org/exceptions/no_such_element.html
Build info: version: '4.0.0-alpha-3', revision: '8c567de6dc'
System info: host: 'JUMPBOX-WIN2016', ip: '10.228.0.127', os.name: 'Windows Server 2016', os.arch: 'amd64', os.version: '10.0', java.version: '16.0.2'
Driver info: org.openqa.selenium.chrome.ChromeDriver
Capabilities {acceptInsecureCerts: false, browserName: chrome, browserVersion: 94.0.4606.81, chrome: {chromedriverVersion: 94.0.4606.61 (418b78f5838ed..., userDataDir: C:\Users\JUMPBO~1\AppData\L...}, goog:chromeOptions: {debuggerAddress: localhost:50354}, javascriptEnabled: true, networkConnectionEnabled: false, pageLoadStrategy: normal, platform: WINDOWS, platformName: WINDOWS, proxy: Proxy(), setWindowRect: true, strictFileInteractability: false, timeouts: {implicit: 0, pageLoad: 300000, script: 30000}, unhandledPromptBehavior: dismiss and notify, webauthn:extension:credBlob: true, webauthn:extension:largeBlob: true, webauthn:virtualAuthenticators: true}
Session ID: 34be8e03a768439f7901cc05196bcc39
*** Element info: {Using=css selector, value=input[value=Add]}
at java.base/jdk.internal.reflect.NativeConstructorAccessorImpl.newInstance0(Native Method)
at java.base/jdk.internal.reflect.NativeConstructorAccessorImpl.newInstance(NativeConstructorAccessorImpl.java:78)
at java.base/jdk.internal.reflect.DelegatingConstructorAccessorImpl.newInstance(DelegatingConstructorAccessorImpl.java:45)
at java.base/java.lang.reflect.Constructor.newInstanceWithCaller(Constructor.java:499)
at java.base/java.lang.reflect.Constructor.newInstance(Constructor.java:480)
at org.openqa.selenium.remote.codec.w3c.W3CHttpResponseCodec.createException(W3CHttpResponseCodec.java:191)
at org.openqa.selenium.remote.codec.w3c.W3CHttpResponseCodec.decode(W3CHttpResponseCodec.java:125)
at org.openqa.selenium.remote.codec.w3c.W3CHttpResponseCodec.decode(W3CHttpResponseCodec.java:52)
at org.openqa.selenium.remote.HttpCommandExecutor.execute(HttpCommandExecutor.java:161)
at org.openqa.selenium.remote.service.DriverCommandExecutor.execute(DriverCommandExecutor.java:83)
at org.openqa.selenium.remote.RemoteWebDriver.execute(RemoteWebDriver.java:576)
at org.openqa.selenium.remote.RemoteWebDriver.findElement(RemoteWebDriver.java:327)
at org.openqa.selenium.remote.RemoteWebDriver.findElementByCssSelector(RemoteWebDriver.java:435)
at org.openqa.selenium.By$ByCssSelector.findElement(By.java:496)
at org.openqa.selenium.remote.RemoteWebDriver.findElement(RemoteWebDriver.java:319)
at org.openqa.selenium.support.pagefactory.DefaultElementLocator.findElement(DefaultElementLocator.java:70)
at org.openqa.selenium.support.pagefactory.internal.LocatingElementHandler.invoke(LocatingElementHandler.java:39)
at jdk.proxy2/jdk.proxy2.$Proxy28.click(Unknown Source)
at stepDefinitions.devices.ManagePrinters.userClicksOnAddButtonToAddPrinter(ManagePrinters.java:40)
at ✽.User clicks on Add button to add Printer(file:///C:/Users/jumpboxadmin/git/Connect-Automation/Connect_Automation/src/test/resources/features/devices/ManagePrinters.feature:17)
]]>
    </error>
  </testcase> <!-- runScenario -->
  <system-out/>
  <testcase classname="runner.Runner" name="runScenario" time="10.461"/>
  <system-out/>
  <testcase classname="runner.Runner" name="runScenario" time="6.242"/>
  <system-out/>
  <testcase classname="runner.Runner" name="runScenario" time="13.534"/>
  <system-out/>
  <testcase classname="runner.Runner" name="runScenario" time="9.728"/>
  <system-out/>
  <testcase classname="runner.Runner" name="runScenario" time="9.856"/>
  <system-out/>
  <testcase classname="runner.Runner" name="runScenario" time="10.225">
    <error message="unexpected alert open: {Alert text : Service message: Error in PurchaseOrderLineDAO
DAO message: Error executing: select * from (SELECT 
poll.line_location_id POL_key,
1 POL_erpCode,
DECODE(epoa.status, NULL, &#039;New&#039;, &#039;New&#039;, &#039;New&#039;, DECODE(epoa.po_price, poll.price_override, DECODE(TRUNC(epoa.po_promised_date), TRUNC(NVL(poll.promised_date, poll.need_by_date)),DECODE(epoa.po_quantity, poll.quantity,DECODE(epoa.po_item_revision, pol.item_revision, epoa.status, &#039;Revised&#039;), &#039;Revised&#039;), &#039;Revised&#039;), &#039;Revised&#039;)) POLS_status,
epoa.mrp_status POLS_mrpStatus,
poll.promised_date POL_promisedDate,
poll.price_override POL_price,
epoa.attachments POLS_attachments,
epoa.invoice_tran_fail POLS_invoiceTranFail,
epoa.ship_tran_fail POLS_shipTranFail,
poh.vendor_site_id||&#039;:&#039;||poh.org_id POL_vendorLocationKey,
poll.quantity POL_quantity,
poll.closed_code POL_closedCode,
DECODE(NVL(poll.closed_code, &#039;OPEN&#039;),&#039;CLOSED&#039;, &#039;Closed&#039;, &#039;CLOSED FOR RECEIVING&#039;, &#039;Closed&#039;, &#039;FINALLY CLOSED&#039;, &#039;Closed&#039;, DECODE(poh.frozen_flag, &#039;Y&#039;, &#039;Pending&#039;, DECODE(DECODE(por.po_release_id,NULL,poh.authorization_status,por.authorization_status),&#039;REQUIRES REAPPROVAL&#039;,&#039;Pending&#039;, &#039;IN PROCESS&#039;, &#039;Pending&#039;, &#039;PRE-APPROVED&#039;,&#039;Pending&#039;, &#039;Open&#039;))) POL_erpPoStatusCode,
XXXL_IS_PO_BLIND(poh.po_header_id, por.po_release_id) POL_maskData,
poh.type_lookup_code POL_poType,
poh.segment1 POL_poNumber,
por.release_num POL_releaseNumber,
pol.line_num POL_lineNumber,
poll.shipment_num POL_shipmentNumber,
end_erp_shared.get_printable_qty(poll.line_location_id,poll.quantity_received, epoa.quantity, epoa.shipped_quantity)  POL_printableQuantity,
haou2.attribute14 POL_businessCode,
pol.vendor_product_num POL_polVendorProductNum,
end_erp_shared.invoicable_quantity(poll.line_location_id,cqc.value) POL_invoicable,
poh.attribute14 POL_businessName,
DECODE(SIGN(poll.quantity - NVL(poll.quantity_received, 0) - NVL(poll.quantity_cancelled, 0)),-1,0,0,0,1,poll.quantity - NVL(poll.quantity_received, 0) - NVL(poll.quantity_cancelled, 0)) POL_quantityOpen,
poll.need_by_date POL_needByDate,
(SELECT pa.full_name FROM po_distributions_all pda, po_line_locations_all lineloc, per_all_people_f pa WHERE pa.person_id = pda.deliver_to_person_id AND pa.effective_end_date &gt; SYSDATE AND pda.line_location_id = lineloc.line_location_id AND poll.line_location_id = lineloc.line_location_id AND rownum = 1) POL_requestor,
end_erp_shared.get_project_number(poll.line_location_id) POL_erpProjectNumber,
end_erp_shared.is_open_sdr_exists(poll.line_location_id) POL_openSDR,
pol.item_description POL_lineDescription,
pol.attribute3 POL_poLineType,
pv.segment1 POL_vendorNumber,
epoa.created_by_name POLS_createdByName,
pv.vendor_name V_name,
pvsa.attribute16 VL_locationNumber,
papfb.full_name PO_buyerName,
pvsa.vendor_site_code VL_name,
pol.po_line_id POL_poLineId,
poh.po_header_id POL_poHeaderId,
poh.po_header_id PO_key,
poh.org_id POL_hostId 
, poll.line_location_id, epoa.status, epoa.approval_id, epoa.po_price, epoa.po_promised_date, epoa.po_quantity, epoa.po_item_revision, epoa.po_update_date, poll.price_override, NVL(poll.promised_date, poll.need_by_date), poll.quantity, NVL(pol.item_revision, (SELECT MAX(mir.revision) FROM mtl_item_revisions mir WHERE mir.inventory_item_id = pol.item_id AND mir.organization_id = poll.ship_to_organization_id AND msi.revision_qty_control_code = 2)), poll.last_update_date,
COUNT(1) OVER() as totalSearchCount, row_number() over (  ORDER BY poh.type_lookup_code,
poh.segment1,
por.release_num,
pol.line_num,
poll.shipment_num,
end_erp_shared.get_printable_qty(poll.line_location_id,poll.quantity_received, epoa.quantity, epoa.shipped_quantity) ,
DECODE(NVL(poll.closed_code, &#039;OPEN&#039;),&#039;CLOSED&#039;, &#039;Closed&#039;, &#039;CLOSED FOR RECEIVING&#039;, &#039;Closed&#039;, &#039;FINALLY CLOSED&#039;, &#039;Closed&#039;, DECODE(poh.frozen_flag, &#039;Y&#039;, &#039;Pending&#039;, DECODE(DECODE(por.po_release_id,NULL,poh.authorization_status,por.authorization_status),&#039;REQUIRES REAPPROVAL&#039;,&#039;Pending&#039;, &#039;IN PROCESS&#039;, &#039;Pending&#039;, &#039;PRE-APPROVED&#039;,&#039;Pending&#039;, &#039;Open&#039;))),
DECODE(epoa.status, NULL, &#039;New&#039;, &#039;New&#039;, &#039;New&#039;, DECODE(epoa.po_price, poll.price_override, DECODE(TRUNC(epoa.po_promised_date), TRUNC(NVL(poll.promised_date, poll.need_by_date)),DECODE(epoa.po_quantity, poll.quantity,DECODE(epoa.po_item_revision, pol.item_revision, epoa.status, &#039;Revised&#039;), &#039;Revised&#039;), &#039;Revised&#039;), &#039;Revised&#039;)),
haou2.attribute14,
pol.vendor_product_num,
end_erp_shared.invoicable_quantity(poll.line_location_id,cqc.value),
poh.attribute14,
poll.quantity,
DECODE(SIGN(poll.quantity - NVL(poll.quantity_received, 0) - NVL(poll.quantity_cancelled, 0)),-1,0,0,0,1,poll.quantity - NVL(poll.quantity_received, 0) - NVL(poll.quantity_cancelled, 0)),
poll.need_by_date,
(SELECT pa.full_name FROM po_distributions_all pda, po_line_locations_all lineloc, per_all_people_f pa WHERE pa.person_id = pda.deliver_to_person_id AND pa.effective_end_date &gt; SYSDATE AND pda.line_location_id = lineloc.line_location_id AND poll.line_location_id = lineloc.line_location_id AND rownum = 1),
end_erp_shared.get_project_number(poll.line_location_id),
end_erp_shared.is_open_sdr_exists(poll.line_location_id),
pol.item_description,
pol.attribute3,
pv.segment1,
epoa.created_by_name,
pv.vendor_name,
pvsa.attribute16,
papfb.full_name,
pvsa.vendor_site_code,
poll.line_location_id,
1,
DECODE(epoa.status, NULL, &#039;New&#039;, &#039;New&#039;, &#039;New&#039;, DECODE(epoa.po_price, poll.price_override, DECODE(TRUNC(epoa.po_promised_date), TRUNC(NVL(poll.promised_date, poll.need_by_date)),DECODE(epoa.po_quantity, poll.quantity,DECODE(epoa.po_item_revision, pol.item_revision, epoa.status, &#039;Revised&#039;), &#039;Revised&#039;), &#039;Revised&#039;), &#039;Revised&#039;)),
epoa.mrp_status,
poll.promised_date,
poll.price_override,
epoa.attachments,
epoa.invoice_tran_fail,
epoa.ship_tran_fail,
poh.vendor_site_id||&#039;:&#039;||poh.org_id,
poll.quantity,
poll.closed_code,
DECODE(NVL(poll.closed_code, &#039;OPEN&#039;),&#039;CLOSED&#039;, &#039;Closed&#039;, &#039;CLOSED FOR RECEIVING&#039;, &#039;Closed&#039;, &#039;FINALLY CLOSED&#039;, &#039;Closed&#039;, DECODE(poh.frozen_flag, &#039;Y&#039;, &#039;Pending&#039;, DECODE(DECODE(por.po_release_id,NULL,poh.authorization_status,por.authorization_status),&#039;REQUIRES REAPPROVAL&#039;,&#039;Pending&#039;, &#039;IN PROCESS&#039;, &#039;Pending&#039;, &#039;PRE-APPROVED&#039;,&#039;Pending&#039;, &#039;Open&#039;))),
XXXL_IS_PO_BLIND(poh.po_header_id, por.po_release_id) ) as row_number FROM ap_terms apt,end_poc_ora_approvals epoa,end_poc_ora_header_status epohs,mtl_system_items_b_kfv msi,hr_all_organization_units haou,hr_all_organization_units haou2,(SELECT * 
   FROM (SELECT ROW_NUMBER() OVER (PARTITION BY person_id ORDER BY effective_start_date DESC) AS record_num_desc, 
           papfb.* 
      FROM per_all_people_f papfb) 
     WHERE record_num_desc = 1) papfb,po_headers_all poh,po_line_locations_all poll,po_lines_all pol,po_releases_all por,rcv_parameters rcv,po_vendor_contacts pvc,po_vendors pv,po_vendor_sites_all pvsa,
       ap_tax_codes_all atc, (SELECT &#039;N&#039; value FROM dual) cqc WHERE poh.terms_id=apt.term_id(+) AND poll.po_release_id=por.po_release_id(+) AND poh.vendor_contact_id=pvc.vendor_contact_id(+) AND poh.vendor_site_id=pvc.vendor_site_id(+) AND NVL(por.agent_id, poh.agent_id) = papfb.person_id AND poll.po_line_id=pol.po_line_id AND poll.po_header_id=poh.po_header_id AND rcv.organization_id=poll.ship_to_organization_id AND msi.inventory_item_id(+)=pol.item_id AND poll.ship_to_organization_id = NVL(msi.organization_id, poll.ship_to_organization_id) AND haou.organization_id=poll.ship_to_organization_id AND haou2.organization_id=poh.org_id AND poll.line_location_id=epoa.po_line_location_id(+) AND poh.po_header_id=epohs.po_header_id(+) AND poh.vendor_id=pv.vendor_id AND pvsa.vendor_site_id=poh.vendor_site_id AND pvsa.vendor_id=pv.vendor_id AND poh.authorization_status in (&#039;APPROVED&#039;, &#039;REQUIRES REAPPROVAL&#039;, &#039;IN PROCESS&#039;, &#039;PRE-APPROVED&#039;) AND NVL(por.authorization_status,&#039;APPROVED&#039;) in (&#039;APPROVED&#039;, &#039;REQUIRES REAPPROVAL&#039;, &#039;IN PROCESS&#039;, &#039;PRE-APPROVED&#039;) AND poh.type_lookup_code IN (&#039;STANDARD&#039;, &#039;BLANKET&#039;, &#039;PLANNED&#039;) AND NVL(poll.approved_flag, &#039;N&#039;) IN (&#039;Y&#039;, &#039;R&#039;, &#039;N&#039;) AND poll.shipment_type IN (&#039;STANDARD&#039;, &#039;BLANKET&#039;, &#039;SCHEDULED&#039;)
   AND atc.tax_id(+)=poll.tax_code_id AND poh.org_id=poll.org_id AND pol.org_id=poll.org_id AND por.org_id(+)=poll.org_id
   AND (poll.org_id IN (?,?)) AND  ROWNUM &lt;= 2 ) where row_number between 1 and 26 order by row_number
Message: ORA-00904: &quot;PVSA&quot;.&quot;ATTRIBUTE16&quot;: invalid identifier

Message: ORA-00904: &quot;PVSA&quot;.&quot;ATTRIBUTE16&quot;: invalid identifier

}
  (Session info: chrome=94.0.4606.81): Service message: Error in PurchaseOrderLineDAO
DAO message: Error executing: select * from (SELECT 
poll.line_location_id POL_key,
1 POL_erpCode,
DECODE(epoa.status, NULL, &#039;New&#039;, &#039;New&#039;, &#039;New&#039;, DECODE(epoa.po_price, poll.price_override, DECODE(TRUNC(epoa.po_promised_date), TRUNC(NVL(poll.promised_date, poll.need_by_date)),DECODE(epoa.po_quantity, poll.quantity,DECODE(epoa.po_item_revision, pol.item_revision, epoa.status, &#039;Revised&#039;), &#039;Revised&#039;), &#039;Revised&#039;), &#039;Revised&#039;)) POLS_status,
epoa.mrp_status POLS_mrpStatus,
poll.promised_date POL_promisedDate,
poll.price_override POL_price,
epoa.attachments POLS_attachments,
epoa.invoice_tran_fail POLS_invoiceTranFail,
epoa.ship_tran_fail POLS_shipTranFail,
poh.vendor_site_id||&#039;:&#039;||poh.org_id POL_vendorLocationKey,
poll.quantity POL_quantity,
poll.closed_code POL_closedCode,
DECODE(NVL(poll.closed_code, &#039;OPEN&#039;),&#039;CLOSED&#039;, &#039;Closed&#039;, &#039;CLOSED FOR RECEIVING&#039;, &#039;Closed&#039;, &#039;FINALLY CLOSED&#039;, &#039;Closed&#039;, DECODE(poh.frozen_flag, &#039;Y&#039;, &#039;Pending&#039;, DECODE(DECODE(por.po_release_id,NULL,poh.authorization_status,por.authorization_status),&#039;REQUIRES REAPPROVAL&#039;,&#039;Pending&#039;, &#039;IN PROCESS&#039;, &#039;Pending&#039;, &#039;PRE-APPROVED&#039;,&#039;Pending&#039;, &#039;Open&#039;))) POL_erpPoStatusCode,
XXXL_IS_PO_BLIND(poh.po_header_id, por.po_release_id) POL_maskData,
poh.type_lookup_code POL_poType,
poh.segment1 POL_poNumber,
por.release_num POL_releaseNumber,
pol.line_num POL_lineNumber,
poll.shipment_num POL_shipmentNumber,
end_erp_shared.get_printable_qty(poll.line_location_id,poll.quantity_received, epoa.quantity, epoa.shipped_quantity)  POL_printableQuantity,
haou2.attribute14 POL_businessCode,
pol.vendor_product_num POL_polVendorProductNum,
end_erp_shared.invoicable_quantity(poll.line_location_id,cqc.value) POL_invoicable,
poh.attribute14 POL_businessName,
DECODE(SIGN(poll.quantity - NVL(poll.quantity_received, 0) - NVL(poll.quantity_cancelled, 0)),-1,0,0,0,1,poll.quantity - NVL(poll.quantity_received, 0) - NVL(poll.quantity_cancelled, 0)) POL_quantityOpen,
poll.need_by_date POL_needByDate,
(SELECT pa.full_name FROM po_distributions_all pda, po_line_locations_all lineloc, per_all_people_f pa WHERE pa.person_id = pda.deliver_to_person_id AND pa.effective_end_date &gt; SYSDATE AND pda.line_location_id = lineloc.line_location_id AND poll.line_location_id = lineloc.line_location_id AND rownum = 1) POL_requestor,
end_erp_shared.get_project_number(poll.line_location_id) POL_erpProjectNumber,
end_erp_shared.is_open_sdr_exists(poll.line_location_id) POL_openSDR,
pol.item_description POL_lineDescription,
pol.attribute3 POL_poLineType,
pv.segment1 POL_vendorNumber,
epoa.created_by_name POLS_createdByName,
pv.vendor_name V_name,
pvsa.attribute16 VL_locationNumber,
papfb.full_name PO_buyerName,
pvsa.vendor_site_code VL_name,
pol.po_line_id POL_poLineId,
poh.po_header_id POL_poHeaderId,
poh.po_header_id PO_key,
poh.org_id POL_hostId 
, poll.line_location_id, epoa.status, epoa.approval_id, epoa.po_price, epoa.po_promised_date, epoa.po_quantity, epoa.po_item_revision, epoa.po_update_date, poll.price_override, NVL(poll.promised_date, poll.need_by_date), poll.quantity, NVL(pol.item_revision, (SELECT MAX(mir.revision) FROM mtl_item_revisions mir WHERE mir.inventory_item_id = pol.item_id AND mir.organization_id = poll.ship_to_organization_id AND msi.revision_qty_control_code = 2)), poll.last_update_date,
COUNT(1) OVER() as totalSearchCount, row_number() over (  ORDER BY poh.type_lookup_code,
poh.segment1,
por.release_num,
pol.line_num,
poll.shipment_num,
end_erp_shared.get_printable_qty(poll.line_location_id,poll.quantity_received, epoa.quantity, epoa.shipped_quantity) ,
DECODE(NVL(poll.closed_code, &#039;OPEN&#039;),&#039;CLOSED&#039;, &#039;Closed&#039;, &#039;CLOSED FOR RECEIVING&#039;, &#039;Closed&#039;, &#039;FINALLY CLOSED&#039;, &#039;Closed&#039;, DECODE(poh.frozen_flag, &#039;Y&#039;, &#039;Pending&#039;, DECODE(DECODE(por.po_release_id,NULL,poh.authorization_status,por.authorization_status),&#039;REQUIRES REAPPROVAL&#039;,&#039;Pending&#039;, &#039;IN PROCESS&#039;, &#039;Pending&#039;, &#039;PRE-APPROVED&#039;,&#039;Pending&#039;, &#039;Open&#039;))),
DECODE(epoa.status, NULL, &#039;New&#039;, &#039;New&#039;, &#039;New&#039;, DECODE(epoa.po_price, poll.price_override, DECODE(TRUNC(epoa.po_promised_date), TRUNC(NVL(poll.promised_date, poll.need_by_date)),DECODE(epoa.po_quantity, poll.quantity,DECODE(epoa.po_item_revision, pol.item_revision, epoa.status, &#039;Revised&#039;), &#039;Revised&#039;), &#039;Revised&#039;), &#039;Revised&#039;)),
haou2.attribute14,
pol.vendor_product_num,
end_erp_shared.invoicable_quantity(poll.line_location_id,cqc.value),
poh.attribute14,
poll.quantity,
DECODE(SIGN(poll.quantity - NVL(poll.quantity_received, 0) - NVL(poll.quantity_cancelled, 0)),-1,0,0,0,1,poll.quantity - NVL(poll.quantity_received, 0) - NVL(poll.quantity_cancelled, 0)),
poll.need_by_date,
(SELECT pa.full_name FROM po_distributions_all pda, po_line_locations_all lineloc, per_all_people_f pa WHERE pa.person_id = pda.deliver_to_person_id AND pa.effective_end_date &gt; SYSDATE AND pda.line_location_id = lineloc.line_location_id AND poll.line_location_id = lineloc.line_location_id AND rownum = 1),
end_erp_shared.get_project_number(poll.line_location_id),
end_erp_shared.is_open_sdr_exists(poll.line_location_id),
pol.item_description,
pol.attribute3,
pv.segment1,
epoa.created_by_name,
pv.vendor_name,
pvsa.attribute16,
papfb.full_name,
pvsa.vendor_site_code,
poll.line_location_id,
1,
DECODE(epoa.status, NULL, &#039;New&#039;, &#039;New&#039;, &#039;New&#039;, DECODE(epoa.po_price, poll.price_override, DECODE(TRUNC(epoa.po_promised_date), TRUNC(NVL(poll.promised_date, poll.need_by_date)),DECODE(epoa.po_quantity, poll.quantity,DECODE(epoa.po_item_revision, pol.item_revision, epoa.status, &#039;Revised&#039;), &#039;Revised&#039;), &#039;Revised&#039;), &#039;Revised&#039;)),
epoa.mrp_status,
poll.promised_date,
poll.price_override,
epoa.attachments,
epoa.invoice_tran_fail,
epoa.ship_tran_fail,
poh.vendor_site_id||&#039;:&#039;||poh.org_id,
poll.quantity,
poll.closed_code,
DECODE(NVL(poll.closed_code, &#039;OPEN&#039;),&#039;CLOSED&#039;, &#039;Closed&#039;, &#039;CLOSED FOR RECEIVING&#039;, &#039;Closed&#039;, &#039;FINALLY CLOSED&#039;, &#039;Closed&#039;, DECODE(poh.frozen_flag, &#039;Y&#039;, &#039;Pending&#039;, DECODE(DECODE(por.po_release_id,NULL,poh.authorization_status,por.authorization_status),&#039;REQUIRES REAPPROVAL&#039;,&#039;Pending&#039;, &#039;IN PROCESS&#039;, &#039;Pending&#039;, &#039;PRE-APPROVED&#039;,&#039;Pending&#039;, &#039;Open&#039;))),
XXXL_IS_PO_BLIND(poh.po_header_id, por.po_release_id) ) as row_number FROM ap_terms apt,end_poc_ora_approvals epoa,end_poc_ora_header_status epohs,mtl_system_items_b_kfv msi,hr_all_organization_units haou,hr_all_organization_units haou2,(SELECT * 
   FROM (SELECT ROW_NUMBER() OVER (PARTITION BY person_id ORDER BY effective_start_date DESC) AS record_num_desc, 
           papfb.* 
      FROM per_all_people_f papfb) 
     WHERE record_num_desc = 1) papfb,po_headers_all poh,po_line_locations_all poll,po_lines_all pol,po_releases_all por,rcv_parameters rcv,po_vendor_contacts pvc,po_vendors pv,po_vendor_sites_all pvsa,
       ap_tax_codes_all atc, (SELECT &#039;N&#039; value FROM dual) cqc WHERE poh.terms_id=apt.term_id(+) AND poll.po_release_id=por.po_release_id(+) AND poh.vendor_contact_id=pvc.vendor_contact_id(+) AND poh.vendor_site_id=pvc.vendor_site_id(+) AND NVL(por.agent_id, poh.agent_id) = papfb.person_id AND poll.po_line_id=pol.po_line_id AND poll.po_header_id=poh.po_header_id AND rcv.organization_id=poll.ship_to_organization_id AND msi.inventory_item_id(+)=pol.item_id AND poll.ship_to_organization_id = NVL(msi.organization_id, poll.ship_to_organization_id) AND haou.organization_id=poll.ship_to_organization_id AND haou2.organization_id=poh.org_id AND poll.line_location_id=epoa.po_line_location_id(+) AND poh.po_header_id=epohs.po_header_id(+) AND poh.vendor_id=pv.vendor_id AND pvsa.vendor_site_id=poh.vendor_site_id AND pvsa.vendor_id=pv.vendor_id AND poh.authorization_status in (&#039;APPROVED&#039;, &#039;REQUIRES REAPPROVAL&#039;, &#039;IN PROCESS&#039;, &#039;PRE-APPROVED&#039;) AND NVL(por.authorization_status,&#039;APPROVED&#039;) in (&#039;APPROVED&#039;, &#039;REQUIRES REAPPROVAL&#039;, &#039;IN PROCESS&#039;, &#039;PRE-APPROVED&#039;) AND poh.type_lookup_code IN (&#039;STANDARD&#039;, &#039;BLANKET&#039;, &#039;PLANNED&#039;) AND NVL(poll.approved_flag, &#039;N&#039;) IN (&#039;Y&#039;, &#039;R&#039;, &#039;N&#039;) AND poll.shipment_type IN (&#039;STANDARD&#039;, &#039;BLANKET&#039;, &#039;SCHEDULED&#039;)
   AND atc.tax_id(+)=poll.tax_code_id AND poh.org_id=poll.org_id AND pol.org_id=poll.org_id AND por.org_id(+)=poll.org_id
   AND (poll.org_id IN (?,?)) AND  ROWNUM &lt;= 2 ) where row_number between 1 and 26 order by row_number
Message: ORA-00904: &quot;PVSA&quot;.&quot;ATTRIBUTE16&quot;: invalid identifier

Message: ORA-00904: &quot;PVSA&quot;.&quot;ATTRIBUTE16&quot;: invalid identifier


Build info: version: &#039;4.0.0-alpha-3&#039;, revision: &#039;8c567de6dc&#039;
System info: host: &#039;JUMPBOX-WIN2016&#039;, ip: &#039;10.228.0.127&#039;, os.name: &#039;Windows Server 2016&#039;, os.arch: &#039;amd64&#039;, os.version: &#039;10.0&#039;, java.version: &#039;16.0.2&#039;
Driver info: org.openqa.selenium.chrome.ChromeDriver
Capabilities {acceptInsecureCerts: false, browserName: chrome, browserVersion: 94.0.4606.81, chrome: {chromedriverVersion: 94.0.4606.61 (418b78f5838ed..., userDataDir: C:\Users\JUMPBO~1\AppData\L...}, goog:chromeOptions: {debuggerAddress: localhost:52050}, javascriptEnabled: true, networkConnectionEnabled: false, pageLoadStrategy: normal, platform: WINDOWS, platformName: WINDOWS, proxy: Proxy(), setWindowRect: true, strictFileInteractability: false, timeouts: {implicit: 0, pageLoad: 300000, script: 30000}, unhandledPromptBehavior: dismiss and notify, webauthn:extension:credBlob: true, webauthn:extension:largeBlob: true, webauthn:virtualAuthenticators: true}
Session ID: aa7cd400b0bf79914006619e7fe83537
*** Element info: {Using=xpath, value=//*[@id=&#039;searchResultsFormId&#039;]/table[1]/tbody/tr[1]/td/table/tbody/tr/td[3]}" type="org.openqa.selenium.UnhandledAlertException">
      <![CDATA[org.openqa.selenium.UnhandledAlertException: unexpected alert open: {Alert text : Service message: Error in PurchaseOrderLineDAO
DAO message: Error executing: select * from (SELECT 
poll.line_location_id POL_key,
1 POL_erpCode,
DECODE(epoa.status, NULL, 'New', 'New', 'New', DECODE(epoa.po_price, poll.price_override, DECODE(TRUNC(epoa.po_promised_date), TRUNC(NVL(poll.promised_date, poll.need_by_date)),DECODE(epoa.po_quantity, poll.quantity,DECODE(epoa.po_item_revision, pol.item_revision, epoa.status, 'Revised'), 'Revised'), 'Revised'), 'Revised')) POLS_status,
epoa.mrp_status POLS_mrpStatus,
poll.promised_date POL_promisedDate,
poll.price_override POL_price,
epoa.attachments POLS_attachments,
epoa.invoice_tran_fail POLS_invoiceTranFail,
epoa.ship_tran_fail POLS_shipTranFail,
poh.vendor_site_id||':'||poh.org_id POL_vendorLocationKey,
poll.quantity POL_quantity,
poll.closed_code POL_closedCode,
DECODE(NVL(poll.closed_code, 'OPEN'),'CLOSED', 'Closed', 'CLOSED FOR RECEIVING', 'Closed', 'FINALLY CLOSED', 'Closed', DECODE(poh.frozen_flag, 'Y', 'Pending', DECODE(DECODE(por.po_release_id,NULL,poh.authorization_status,por.authorization_status),'REQUIRES REAPPROVAL','Pending', 'IN PROCESS', 'Pending', 'PRE-APPROVED','Pending', 'Open'))) POL_erpPoStatusCode,
XXXL_IS_PO_BLIND(poh.po_header_id, por.po_release_id) POL_maskData,
poh.type_lookup_code POL_poType,
poh.segment1 POL_poNumber,
por.release_num POL_releaseNumber,
pol.line_num POL_lineNumber,
poll.shipment_num POL_shipmentNumber,
end_erp_shared.get_printable_qty(poll.line_location_id,poll.quantity_received, epoa.quantity, epoa.shipped_quantity)  POL_printableQuantity,
haou2.attribute14 POL_businessCode,
pol.vendor_product_num POL_polVendorProductNum,
end_erp_shared.invoicable_quantity(poll.line_location_id,cqc.value) POL_invoicable,
poh.attribute14 POL_businessName,
DECODE(SIGN(poll.quantity - NVL(poll.quantity_received, 0) - NVL(poll.quantity_cancelled, 0)),-1,0,0,0,1,poll.quantity - NVL(poll.quantity_received, 0) - NVL(poll.quantity_cancelled, 0)) POL_quantityOpen,
poll.need_by_date POL_needByDate,
(SELECT pa.full_name FROM po_distributions_all pda, po_line_locations_all lineloc, per_all_people_f pa WHERE pa.person_id = pda.deliver_to_person_id AND pa.effective_end_date > SYSDATE AND pda.line_location_id = lineloc.line_location_id AND poll.line_location_id = lineloc.line_location_id AND rownum = 1) POL_requestor,
end_erp_shared.get_project_number(poll.line_location_id) POL_erpProjectNumber,
end_erp_shared.is_open_sdr_exists(poll.line_location_id) POL_openSDR,
pol.item_description POL_lineDescription,
pol.attribute3 POL_poLineType,
pv.segment1 POL_vendorNumber,
epoa.created_by_name POLS_createdByName,
pv.vendor_name V_name,
pvsa.attribute16 VL_locationNumber,
papfb.full_name PO_buyerName,
pvsa.vendor_site_code VL_name,
pol.po_line_id POL_poLineId,
poh.po_header_id POL_poHeaderId,
poh.po_header_id PO_key,
poh.org_id POL_hostId 
, poll.line_location_id, epoa.status, epoa.approval_id, epoa.po_price, epoa.po_promised_date, epoa.po_quantity, epoa.po_item_revision, epoa.po_update_date, poll.price_override, NVL(poll.promised_date, poll.need_by_date), poll.quantity, NVL(pol.item_revision, (SELECT MAX(mir.revision) FROM mtl_item_revisions mir WHERE mir.inventory_item_id = pol.item_id AND mir.organization_id = poll.ship_to_organization_id AND msi.revision_qty_control_code = 2)), poll.last_update_date,
COUNT(1) OVER() as totalSearchCount, row_number() over (  ORDER BY poh.type_lookup_code,
poh.segment1,
por.release_num,
pol.line_num,
poll.shipment_num,
end_erp_shared.get_printable_qty(poll.line_location_id,poll.quantity_received, epoa.quantity, epoa.shipped_quantity) ,
DECODE(NVL(poll.closed_code, 'OPEN'),'CLOSED', 'Closed', 'CLOSED FOR RECEIVING', 'Closed', 'FINALLY CLOSED', 'Closed', DECODE(poh.frozen_flag, 'Y', 'Pending', DECODE(DECODE(por.po_release_id,NULL,poh.authorization_status,por.authorization_status),'REQUIRES REAPPROVAL','Pending', 'IN PROCESS', 'Pending', 'PRE-APPROVED','Pending', 'Open'))),
DECODE(epoa.status, NULL, 'New', 'New', 'New', DECODE(epoa.po_price, poll.price_override, DECODE(TRUNC(epoa.po_promised_date), TRUNC(NVL(poll.promised_date, poll.need_by_date)),DECODE(epoa.po_quantity, poll.quantity,DECODE(epoa.po_item_revision, pol.item_revision, epoa.status, 'Revised'), 'Revised'), 'Revised'), 'Revised')),
haou2.attribute14,
pol.vendor_product_num,
end_erp_shared.invoicable_quantity(poll.line_location_id,cqc.value),
poh.attribute14,
poll.quantity,
DECODE(SIGN(poll.quantity - NVL(poll.quantity_received, 0) - NVL(poll.quantity_cancelled, 0)),-1,0,0,0,1,poll.quantity - NVL(poll.quantity_received, 0) - NVL(poll.quantity_cancelled, 0)),
poll.need_by_date,
(SELECT pa.full_name FROM po_distributions_all pda, po_line_locations_all lineloc, per_all_people_f pa WHERE pa.person_id = pda.deliver_to_person_id AND pa.effective_end_date > SYSDATE AND pda.line_location_id = lineloc.line_location_id AND poll.line_location_id = lineloc.line_location_id AND rownum = 1),
end_erp_shared.get_project_number(poll.line_location_id),
end_erp_shared.is_open_sdr_exists(poll.line_location_id),
pol.item_description,
pol.attribute3,
pv.segment1,
epoa.created_by_name,
pv.vendor_name,
pvsa.attribute16,
papfb.full_name,
pvsa.vendor_site_code,
poll.line_location_id,
1,
DECODE(epoa.status, NULL, 'New', 'New', 'New', DECODE(epoa.po_price, poll.price_override, DECODE(TRUNC(epoa.po_promised_date), TRUNC(NVL(poll.promised_date, poll.need_by_date)),DECODE(epoa.po_quantity, poll.quantity,DECODE(epoa.po_item_revision, pol.item_revision, epoa.status, 'Revised'), 'Revised'), 'Revised'), 'Revised')),
epoa.mrp_status,
poll.promised_date,
poll.price_override,
epoa.attachments,
epoa.invoice_tran_fail,
epoa.ship_tran_fail,
poh.vendor_site_id||':'||poh.org_id,
poll.quantity,
poll.closed_code,
DECODE(NVL(poll.closed_code, 'OPEN'),'CLOSED', 'Closed', 'CLOSED FOR RECEIVING', 'Closed', 'FINALLY CLOSED', 'Closed', DECODE(poh.frozen_flag, 'Y', 'Pending', DECODE(DECODE(por.po_release_id,NULL,poh.authorization_status,por.authorization_status),'REQUIRES REAPPROVAL','Pending', 'IN PROCESS', 'Pending', 'PRE-APPROVED','Pending', 'Open'))),
XXXL_IS_PO_BLIND(poh.po_header_id, por.po_release_id) ) as row_number FROM ap_terms apt,end_poc_ora_approvals epoa,end_poc_ora_header_status epohs,mtl_system_items_b_kfv msi,hr_all_organization_units haou,hr_all_organization_units haou2,(SELECT * 
   FROM (SELECT ROW_NUMBER() OVER (PARTITION BY person_id ORDER BY effective_start_date DESC) AS record_num_desc, 
           papfb.* 
      FROM per_all_people_f papfb) 
     WHERE record_num_desc = 1) papfb,po_headers_all poh,po_line_locations_all poll,po_lines_all pol,po_releases_all por,rcv_parameters rcv,po_vendor_contacts pvc,po_vendors pv,po_vendor_sites_all pvsa,
       ap_tax_codes_all atc, (SELECT 'N' value FROM dual) cqc WHERE poh.terms_id=apt.term_id(+) AND poll.po_release_id=por.po_release_id(+) AND poh.vendor_contact_id=pvc.vendor_contact_id(+) AND poh.vendor_site_id=pvc.vendor_site_id(+) AND NVL(por.agent_id, poh.agent_id) = papfb.person_id AND poll.po_line_id=pol.po_line_id AND poll.po_header_id=poh.po_header_id AND rcv.organization_id=poll.ship_to_organization_id AND msi.inventory_item_id(+)=pol.item_id AND poll.ship_to_organization_id = NVL(msi.organization_id, poll.ship_to_organization_id) AND haou.organization_id=poll.ship_to_organization_id AND haou2.organization_id=poh.org_id AND poll.line_location_id=epoa.po_line_location_id(+) AND poh.po_header_id=epohs.po_header_id(+) AND poh.vendor_id=pv.vendor_id AND pvsa.vendor_site_id=poh.vendor_site_id AND pvsa.vendor_id=pv.vendor_id AND poh.authorization_status in ('APPROVED', 'REQUIRES REAPPROVAL', 'IN PROCESS', 'PRE-APPROVED') AND NVL(por.authorization_status,'APPROVED') in ('APPROVED', 'REQUIRES REAPPROVAL', 'IN PROCESS', 'PRE-APPROVED') AND poh.type_lookup_code IN ('STANDARD', 'BLANKET', 'PLANNED') AND NVL(poll.approved_flag, 'N') IN ('Y', 'R', 'N') AND poll.shipment_type IN ('STANDARD', 'BLANKET', 'SCHEDULED')
   AND atc.tax_id(+)=poll.tax_code_id AND poh.org_id=poll.org_id AND pol.org_id=poll.org_id AND por.org_id(+)=poll.org_id
   AND (poll.org_id IN (?,?)) AND  ROWNUM <= 2 ) where row_number between 1 and 26 order by row_number
Message: ORA-00904: "PVSA"."ATTRIBUTE16": invalid identifier

Message: ORA-00904: "PVSA"."ATTRIBUTE16": invalid identifier

}
  (Session info: chrome=94.0.4606.81): Service message: Error in PurchaseOrderLineDAO
DAO message: Error executing: select * from (SELECT 
poll.line_location_id POL_key,
1 POL_erpCode,
DECODE(epoa.status, NULL, 'New', 'New', 'New', DECODE(epoa.po_price, poll.price_override, DECODE(TRUNC(epoa.po_promised_date), TRUNC(NVL(poll.promised_date, poll.need_by_date)),DECODE(epoa.po_quantity, poll.quantity,DECODE(epoa.po_item_revision, pol.item_revision, epoa.status, 'Revised'), 'Revised'), 'Revised'), 'Revised')) POLS_status,
epoa.mrp_status POLS_mrpStatus,
poll.promised_date POL_promisedDate,
poll.price_override POL_price,
epoa.attachments POLS_attachments,
epoa.invoice_tran_fail POLS_invoiceTranFail,
epoa.ship_tran_fail POLS_shipTranFail,
poh.vendor_site_id||':'||poh.org_id POL_vendorLocationKey,
poll.quantity POL_quantity,
poll.closed_code POL_closedCode,
DECODE(NVL(poll.closed_code, 'OPEN'),'CLOSED', 'Closed', 'CLOSED FOR RECEIVING', 'Closed', 'FINALLY CLOSED', 'Closed', DECODE(poh.frozen_flag, 'Y', 'Pending', DECODE(DECODE(por.po_release_id,NULL,poh.authorization_status,por.authorization_status),'REQUIRES REAPPROVAL','Pending', 'IN PROCESS', 'Pending', 'PRE-APPROVED','Pending', 'Open'))) POL_erpPoStatusCode,
XXXL_IS_PO_BLIND(poh.po_header_id, por.po_release_id) POL_maskData,
poh.type_lookup_code POL_poType,
poh.segment1 POL_poNumber,
por.release_num POL_releaseNumber,
pol.line_num POL_lineNumber,
poll.shipment_num POL_shipmentNumber,
end_erp_shared.get_printable_qty(poll.line_location_id,poll.quantity_received, epoa.quantity, epoa.shipped_quantity)  POL_printableQuantity,
haou2.attribute14 POL_businessCode,
pol.vendor_product_num POL_polVendorProductNum,
end_erp_shared.invoicable_quantity(poll.line_location_id,cqc.value) POL_invoicable,
poh.attribute14 POL_businessName,
DECODE(SIGN(poll.quantity - NVL(poll.quantity_received, 0) - NVL(poll.quantity_cancelled, 0)),-1,0,0,0,1,poll.quantity - NVL(poll.quantity_received, 0) - NVL(poll.quantity_cancelled, 0)) POL_quantityOpen,
poll.need_by_date POL_needByDate,
(SELECT pa.full_name FROM po_distributions_all pda, po_line_locations_all lineloc, per_all_people_f pa WHERE pa.person_id = pda.deliver_to_person_id AND pa.effective_end_date > SYSDATE AND pda.line_location_id = lineloc.line_location_id AND poll.line_location_id = lineloc.line_location_id AND rownum = 1) POL_requestor,
end_erp_shared.get_project_number(poll.line_location_id) POL_erpProjectNumber,
end_erp_shared.is_open_sdr_exists(poll.line_location_id) POL_openSDR,
pol.item_description POL_lineDescription,
pol.attribute3 POL_poLineType,
pv.segment1 POL_vendorNumber,
epoa.created_by_name POLS_createdByName,
pv.vendor_name V_name,
pvsa.attribute16 VL_locationNumber,
papfb.full_name PO_buyerName,
pvsa.vendor_site_code VL_name,
pol.po_line_id POL_poLineId,
poh.po_header_id POL_poHeaderId,
poh.po_header_id PO_key,
poh.org_id POL_hostId 
, poll.line_location_id, epoa.status, epoa.approval_id, epoa.po_price, epoa.po_promised_date, epoa.po_quantity, epoa.po_item_revision, epoa.po_update_date, poll.price_override, NVL(poll.promised_date, poll.need_by_date), poll.quantity, NVL(pol.item_revision, (SELECT MAX(mir.revision) FROM mtl_item_revisions mir WHERE mir.inventory_item_id = pol.item_id AND mir.organization_id = poll.ship_to_organization_id AND msi.revision_qty_control_code = 2)), poll.last_update_date,
COUNT(1) OVER() as totalSearchCount, row_number() over (  ORDER BY poh.type_lookup_code,
poh.segment1,
por.release_num,
pol.line_num,
poll.shipment_num,
end_erp_shared.get_printable_qty(poll.line_location_id,poll.quantity_received, epoa.quantity, epoa.shipped_quantity) ,
DECODE(NVL(poll.closed_code, 'OPEN'),'CLOSED', 'Closed', 'CLOSED FOR RECEIVING', 'Closed', 'FINALLY CLOSED', 'Closed', DECODE(poh.frozen_flag, 'Y', 'Pending', DECODE(DECODE(por.po_release_id,NULL,poh.authorization_status,por.authorization_status),'REQUIRES REAPPROVAL','Pending', 'IN PROCESS', 'Pending', 'PRE-APPROVED','Pending', 'Open'))),
DECODE(epoa.status, NULL, 'New', 'New', 'New', DECODE(epoa.po_price, poll.price_override, DECODE(TRUNC(epoa.po_promised_date), TRUNC(NVL(poll.promised_date, poll.need_by_date)),DECODE(epoa.po_quantity, poll.quantity,DECODE(epoa.po_item_revision, pol.item_revision, epoa.status, 'Revised'), 'Revised'), 'Revised'), 'Revised')),
haou2.attribute14,
pol.vendor_product_num,
end_erp_shared.invoicable_quantity(poll.line_location_id,cqc.value),
poh.attribute14,
poll.quantity,
DECODE(SIGN(poll.quantity - NVL(poll.quantity_received, 0) - NVL(poll.quantity_cancelled, 0)),-1,0,0,0,1,poll.quantity - NVL(poll.quantity_received, 0) - NVL(poll.quantity_cancelled, 0)),
poll.need_by_date,
(SELECT pa.full_name FROM po_distributions_all pda, po_line_locations_all lineloc, per_all_people_f pa WHERE pa.person_id = pda.deliver_to_person_id AND pa.effective_end_date > SYSDATE AND pda.line_location_id = lineloc.line_location_id AND poll.line_location_id = lineloc.line_location_id AND rownum = 1),
end_erp_shared.get_project_number(poll.line_location_id),
end_erp_shared.is_open_sdr_exists(poll.line_location_id),
pol.item_description,
pol.attribute3,
pv.segment1,
epoa.created_by_name,
pv.vendor_name,
pvsa.attribute16,
papfb.full_name,
pvsa.vendor_site_code,
poll.line_location_id,
1,
DECODE(epoa.status, NULL, 'New', 'New', 'New', DECODE(epoa.po_price, poll.price_override, DECODE(TRUNC(epoa.po_promised_date), TRUNC(NVL(poll.promised_date, poll.need_by_date)),DECODE(epoa.po_quantity, poll.quantity,DECODE(epoa.po_item_revision, pol.item_revision, epoa.status, 'Revised'), 'Revised'), 'Revised'), 'Revised')),
epoa.mrp_status,
poll.promised_date,
poll.price_override,
epoa.attachments,
epoa.invoice_tran_fail,
epoa.ship_tran_fail,
poh.vendor_site_id||':'||poh.org_id,
poll.quantity,
poll.closed_code,
DECODE(NVL(poll.closed_code, 'OPEN'),'CLOSED', 'Closed', 'CLOSED FOR RECEIVING', 'Closed', 'FINALLY CLOSED', 'Closed', DECODE(poh.frozen_flag, 'Y', 'Pending', DECODE(DECODE(por.po_release_id,NULL,poh.authorization_status,por.authorization_status),'REQUIRES REAPPROVAL','Pending', 'IN PROCESS', 'Pending', 'PRE-APPROVED','Pending', 'Open'))),
XXXL_IS_PO_BLIND(poh.po_header_id, por.po_release_id) ) as row_number FROM ap_terms apt,end_poc_ora_approvals epoa,end_poc_ora_header_status epohs,mtl_system_items_b_kfv msi,hr_all_organization_units haou,hr_all_organization_units haou2,(SELECT * 
   FROM (SELECT ROW_NUMBER() OVER (PARTITION BY person_id ORDER BY effective_start_date DESC) AS record_num_desc, 
           papfb.* 
      FROM per_all_people_f papfb) 
     WHERE record_num_desc = 1) papfb,po_headers_all poh,po_line_locations_all poll,po_lines_all pol,po_releases_all por,rcv_parameters rcv,po_vendor_contacts pvc,po_vendors pv,po_vendor_sites_all pvsa,
       ap_tax_codes_all atc, (SELECT 'N' value FROM dual) cqc WHERE poh.terms_id=apt.term_id(+) AND poll.po_release_id=por.po_release_id(+) AND poh.vendor_contact_id=pvc.vendor_contact_id(+) AND poh.vendor_site_id=pvc.vendor_site_id(+) AND NVL(por.agent_id, poh.agent_id) = papfb.person_id AND poll.po_line_id=pol.po_line_id AND poll.po_header_id=poh.po_header_id AND rcv.organization_id=poll.ship_to_organization_id AND msi.inventory_item_id(+)=pol.item_id AND poll.ship_to_organization_id = NVL(msi.organization_id, poll.ship_to_organization_id) AND haou.organization_id=poll.ship_to_organization_id AND haou2.organization_id=poh.org_id AND poll.line_location_id=epoa.po_line_location_id(+) AND poh.po_header_id=epohs.po_header_id(+) AND poh.vendor_id=pv.vendor_id AND pvsa.vendor_site_id=poh.vendor_site_id AND pvsa.vendor_id=pv.vendor_id AND poh.authorization_status in ('APPROVED', 'REQUIRES REAPPROVAL', 'IN PROCESS', 'PRE-APPROVED') AND NVL(por.authorization_status,'APPROVED') in ('APPROVED', 'REQUIRES REAPPROVAL', 'IN PROCESS', 'PRE-APPROVED') AND poh.type_lookup_code IN ('STANDARD', 'BLANKET', 'PLANNED') AND NVL(poll.approved_flag, 'N') IN ('Y', 'R', 'N') AND poll.shipment_type IN ('STANDARD', 'BLANKET', 'SCHEDULED')
   AND atc.tax_id(+)=poll.tax_code_id AND poh.org_id=poll.org_id AND pol.org_id=poll.org_id AND por.org_id(+)=poll.org_id
   AND (poll.org_id IN (?,?)) AND  ROWNUM <= 2 ) where row_number between 1 and 26 order by row_number
Message: ORA-00904: "PVSA"."ATTRIBUTE16": invalid identifier

Message: ORA-00904: "PVSA"."ATTRIBUTE16": invalid identifier


Build info: version: '4.0.0-alpha-3', revision: '8c567de6dc'
System info: host: 'JUMPBOX-WIN2016', ip: '10.228.0.127', os.name: 'Windows Server 2016', os.arch: 'amd64', os.version: '10.0', java.version: '16.0.2'
Driver info: org.openqa.selenium.chrome.ChromeDriver
Capabilities {acceptInsecureCerts: false, browserName: chrome, browserVersion: 94.0.4606.81, chrome: {chromedriverVersion: 94.0.4606.61 (418b78f5838ed..., userDataDir: C:\Users\JUMPBO~1\AppData\L...}, goog:chromeOptions: {debuggerAddress: localhost:52050}, javascriptEnabled: true, networkConnectionEnabled: false, pageLoadStrategy: normal, platform: WINDOWS, platformName: WINDOWS, proxy: Proxy(), setWindowRect: true, strictFileInteractability: false, timeouts: {implicit: 0, pageLoad: 300000, script: 30000}, unhandledPromptBehavior: dismiss and notify, webauthn:extension:credBlob: true, webauthn:extension:largeBlob: true, webauthn:virtualAuthenticators: true}
Session ID: aa7cd400b0bf79914006619e7fe83537
*** Element info: {Using=xpath, value=//*[@id='searchResultsFormId']/table[1]/tbody/tr[1]/td/table/tbody/tr/td[3]}
at org.openqa.selenium.remote.codec.w3c.W3CHttpResponseCodec.decode(W3CHttpResponseCodec.java:123)
at org.openqa.selenium.remote.codec.w3c.W3CHttpResponseCodec.decode(W3CHttpResponseCodec.java:52)
at org.openqa.selenium.remote.HttpCommandExecutor.execute(HttpCommandExecutor.java:161)
at org.openqa.selenium.remote.service.DriverCommandExecutor.execute(DriverCommandExecutor.java:83)
at org.openqa.selenium.remote.RemoteWebDriver.execute(RemoteWebDriver.java:576)
at org.openqa.selenium.remote.RemoteWebDriver.findElement(RemoteWebDriver.java:327)
at org.openqa.selenium.remote.RemoteWebDriver.findElementByXPath(RemoteWebDriver.java:445)
at org.openqa.selenium.By$ByXPath.findElement(By.java:396)
at org.openqa.selenium.remote.RemoteWebDriver.findElement(RemoteWebDriver.java:319)
at stepDefinitions.EndeavourCommonSteps.totalSearchResultsShouldBeAsPerTheLookup(EndeavourCommonSteps.java:50)
at ✽.Total search results should be as per the lookup(file:///C:/Users/jumpboxadmin/git/Connect-Automation/Connect_Automation/src/test/resources/features/setup/ManageLookups.feature:85)
]]>
    </error>
  </testcase> <!-- runScenario -->
  <system-out/>
  <testcase classname="runner.Runner" name="runScenario" time="8.203"/>
  <system-out/>
  <testcase classname="runner.Runner" name="runScenario" time="15.532"/>
  <system-out/>
  <testcase classname="runner.Runner" name="runScenario" time="34.632">
    <error message="no such element: Unable to locate element: {&quot;method&quot;:&quot;xpath&quot;,&quot;selector&quot;:&quot;//*[@id=&#039;unique_id&#039;]/tbody/tr[2]/td[4]&quot;}
  (Session info: chrome=94.0.4606.81)
For documentation on this error, please visit: https://www.seleniumhq.org/exceptions/no_such_element.html
Build info: version: &#039;4.0.0-alpha-3&#039;, revision: &#039;8c567de6dc&#039;
System info: host: &#039;JUMPBOX-WIN2016&#039;, ip: &#039;10.228.0.127&#039;, os.name: &#039;Windows Server 2016&#039;, os.arch: &#039;amd64&#039;, os.version: &#039;10.0&#039;, java.version: &#039;16.0.2&#039;
Driver info: org.openqa.selenium.chrome.ChromeDriver
Capabilities {acceptInsecureCerts: false, browserName: chrome, browserVersion: 94.0.4606.81, chrome: {chromedriverVersion: 94.0.4606.61 (418b78f5838ed..., userDataDir: C:\Users\JUMPBO~1\AppData\L...}, goog:chromeOptions: {debuggerAddress: localhost:49159}, javascriptEnabled: true, networkConnectionEnabled: false, pageLoadStrategy: normal, platform: WINDOWS, platformName: WINDOWS, proxy: Proxy(), setWindowRect: true, strictFileInteractability: false, timeouts: {implicit: 0, pageLoad: 300000, script: 30000}, unhandledPromptBehavior: dismiss and notify, webauthn:extension:credBlob: true, webauthn:extension:largeBlob: true, webauthn:virtualAuthenticators: true}
Session ID: ba2a4ba1a926030dad59ee20e555cb8f
*** Element info: {Using=xpath, value=//*[@id=&#039;unique_id&#039;]/tbody/tr[2]/td[4]}" type="org.openqa.selenium.NoSuchElementException">
      <![CDATA[org.openqa.selenium.NoSuchElementException: no such element: Unable to locate element: {"method":"xpath","selector":"//*[@id='unique_id']/tbody/tr[2]/td[4]"}
  (Session info: chrome=94.0.4606.81)
For documentation on this error, please visit: https://www.seleniumhq.org/exceptions/no_such_element.html
Build info: version: '4.0.0-alpha-3', revision: '8c567de6dc'
System info: host: 'JUMPBOX-WIN2016', ip: '10.228.0.127', os.name: 'Windows Server 2016', os.arch: 'amd64', os.version: '10.0', java.version: '16.0.2'
Driver info: org.openqa.selenium.chrome.ChromeDriver
Capabilities {acceptInsecureCerts: false, browserName: chrome, browserVersion: 94.0.4606.81, chrome: {chromedriverVersion: 94.0.4606.61 (418b78f5838ed..., userDataDir: C:\Users\JUMPBO~1\AppData\L...}, goog:chromeOptions: {debuggerAddress: localhost:49159}, javascriptEnabled: true, networkConnectionEnabled: false, pageLoadStrategy: normal, platform: WINDOWS, platformName: WINDOWS, proxy: Proxy(), setWindowRect: true, strictFileInteractability: false, timeouts: {implicit: 0, pageLoad: 300000, script: 30000}, unhandledPromptBehavior: dismiss and notify, webauthn:extension:credBlob: true, webauthn:extension:largeBlob: true, webauthn:virtualAuthenticators: true}
Session ID: ba2a4ba1a926030dad59ee20e555cb8f
*** Element info: {Using=xpath, value=//*[@id='unique_id']/tbody/tr[2]/td[4]}
at java.base/jdk.internal.reflect.NativeConstructorAccessorImpl.newInstance0(Native Method)
at java.base/jdk.internal.reflect.NativeConstructorAccessorImpl.newInstance(NativeConstructorAccessorImpl.java:78)
at java.base/jdk.internal.reflect.DelegatingConstructorAccessorImpl.newInstance(DelegatingConstructorAccessorImpl.java:45)
at java.base/java.lang.reflect.Constructor.newInstanceWithCaller(Constructor.java:499)
at java.base/java.lang.reflect.Constructor.newInstance(Constructor.java:480)
at org.openqa.selenium.remote.codec.w3c.W3CHttpResponseCodec.createException(W3CHttpResponseCodec.java:191)
at org.openqa.selenium.remote.codec.w3c.W3CHttpResponseCodec.decode(W3CHttpResponseCodec.java:125)
at org.openqa.selenium.remote.codec.w3c.W3CHttpResponseCodec.decode(W3CHttpResponseCodec.java:52)
at org.openqa.selenium.remote.HttpCommandExecutor.execute(HttpCommandExecutor.java:161)
at org.openqa.selenium.remote.service.DriverCommandExecutor.execute(DriverCommandExecutor.java:83)
at org.openqa.selenium.remote.RemoteWebDriver.execute(RemoteWebDriver.java:576)
at org.openqa.selenium.remote.RemoteWebDriver.findElement(RemoteWebDriver.java:327)
at org.openqa.selenium.remote.RemoteWebDriver.findElementByXPath(RemoteWebDriver.java:445)
at org.openqa.selenium.By$ByXPath.findElement(By.java:396)
at org.openqa.selenium.remote.RemoteWebDriver.findElement(RemoteWebDriver.java:319)
at stepDefinitions.setup.ManageNamespaces.namespaceWithClass_nameShouldBeDisplayedInSearchResults(ManageNamespaces.java:89)
at ✽.Namespace with Class_name[0] should be displayed in search results(file:///C:/Users/jumpboxadmin/git/Connect-Automation/Connect_Automation/src/test/resources/features/setup/ManageNamespaces.feature:29)
]]>
    </error>
  </testcase> <!-- runScenario -->
  <system-out/>
  <testcase classname="runner.Runner" name="runScenario" time="12.189"/>
  <system-out/>
  <testcase classname="runner.Runner" name="runScenario" time="7.255"/>
  <system-out/>
</testsuite> <!-- runner.Runner -->
