<?xml version="1.0" encoding="UTF-8"?>
<!-- Generated by org.testng.reporters.JUnitReportReporter -->
<testsuite hostname="jumpbox-win2016-113" failures="0" tests="7" name="runner.Runner" time="35.612" errors="0" timestamp="2022-01-13T01:46:44 CST" skipped="0">
  <testcase classname="runner.Runner" name="runScenario" time="11.572"/>
  <system-out/>
  <testcase classname="runner.Runner" name="runScenario" time="8.872"/>
  <system-out/>
  <testcase classname="runner.Runner" name="runScenario" time="0.042"/>
  <system-out/>
  <testcase classname="runner.Runner" name="runScenario" time="0.051"/>
  <system-out/>
  <testcase classname="runner.Runner" name="runScenario" time="8.124"/>
  <system-out/>
  <testcase classname="runner.Runner" name="runScenario" time="6.905"/>
  <system-out/>
  <testcase classname="runner.Runner" name="runScenario" time="0.046"/>
  <system-out/>
</testsuite> <!-- runner.Runner -->
